{"meta": {"format": 3, "version": "7.15.4", "timestamp": "2026-08-21T10:13:02.095863", "branch_coverage": false, "show_contexts": false}, "files": {"ailottery_relayer/__init__.py": {"executed_lines": [14], "summary": {"covered_lines": 1, "num_statements": 1, "percent_covered": 100.0, "percent_covered_display": "100", "missing_lines": 0, "excluded_lines": 0, "percent_statements_covered": 100.0, "percent_statements_covered_display": "100"}, "missing_lines": [], "excluded_lines": [], "functions": {"": {"executed_lines": [14], "summary": {"covered_lines": 1, "num_statements": 1, "percent_covered": 100.0, "percent_covered_display": "100", "missing_lines": 0, "excluded_lines": 0, "percent_statements_covered": 100.0, "percent_statements_covered_display": "100"}, "missing_lines": [], "excluded_lines": [], "start_line": 1}}, "classes": {"": {"executed_lines": [14], "summary": {"covered_lines": 1, "num_statements": 1, "percent_covered": 100.0, "percent_covered_display": "100", "missing_lines": 0, "excluded_lines": 0, "percent_statements_covered": 100.0, "percent_statements_covered_display": "100"}, "missing_lines": [], "excluded_lines": [], "start_line": 1}}}, "ailottery_relayer/__main__.py": {"executed_lines": [], "summary": {"covered_lines": 0, "num_statements": 52, "percent_covered": 0.0, "percent_covered_display": "0", "missing_lines": 52, "excluded_lines": 0, "percent_statements_covered": 0.0, "percent_statements_covered_display": "0"}, "missing_lines": [8, 10, 11, 12, 13, 15, 17, 18, 19, 20, 22, 25, 27, 28, 29, 30, 31, 32, 33, 36, 37, 38, 39, 40, 41, 42, 43, 46, 47, 48, 49, 50, 51, 53, 54, 55, 56, 57, 58, 59, 60, 61, 62, 63, 66, 67, 68, 69, 70, 72, 75, 76], "excluded_lines": [], "functions": {"_wait_for_address": {"executed_lines": [], "summary": {"covered_lines": 0, "num_statements": 7, "percent_covered": 0.0, "percent_covered_display": "0", "missing_lines": 7, "excluded_lines": 0, "percent_statements_covered": 0.0, "percent_statements_covered_display": "0"}, "missing_lines": [27, 28, 29, 30, 31, 32, 33], "excluded_lines": [], "start_line": 25}, "_serve": {"executed_lines": [], "summary": {"covered_lines": 0, "num_statements": 7, "percent_covered": 0.0, "percent_covered_display": "0", "missing_lines": 7, "excluded_lines": 0, "percent_statements_covered": 0.0, "percent_statements_covered_display": "0"}, "missing_lines": [37, 38, 39, 40, 41, 42, 43], "excluded_lines": [], "start_line": 36}, "main": {"executed_lines": [], "summary": {"covered_lines": 0, "num_statements": 22, "percent_covered": 0.0, "percent_covered_display": "0", "missing_lines": 22, "excluded_lines": 0, "percent_statements_covered": 0.0, "percent_statements_covered_display": "0"}, "missing_lines": [47, 48, 49, 50, 51, 53, 54, 55, 56, 57, 58, 59, 60, 61, 62, 63, 66, 67, 68, 69, 70, 72], "excluded_lines": [], "start_line": 46}, "": {"executed_lines": [], "summary": {"covered_lines": 0, "num_statements": 16, "percent_covered": 0.0, "percent_covered_display": "0", "missing_lines": 16, "excluded_lines": 0, "percent_statements_covered": 0.0, "percent_statements_covered_display": "0"}, "missing_lines": [8, 10, 11, 12, 13, 15, 17, 18, 19, 20, 22, 25, 36, 46, 75, 76], "excluded_lines": [], "start_line": 1}}, "classes": {"": {"executed_lines": [], "summary": {"covered_lines": 0, "num_statements": 52, "percent_covered": 0.0, "percent_covered_display": "0", "missing_lines": 52, "excluded_lines": 0, "percent_statements_covered": 0.0, "percent_statements_covered_display": "0"}, "missing_lines": [8, 10, 11, 12, 13, 15, 17, 18, 19, 20, 22, 25, 27, 28, 29, 30, 31, 32, 33, 36, 37, 38, 39, 40, 41, 42, 43, 46, 47, 48, 49, 50, 51, 53, 54, 55, 56, 57, 58, 59, 60, 61, 62, 63, 66, 67, 68, 69, 70, 72, 75, 76], "excluded_lines": [], "start_line": 1}}}, "ailottery_relayer/abi.py": {"executed_lines": [13, 15, 22, 23, 24, 25, 26, 27, 28, 29, 30, 31, 35, 36, 37, 38, 39, 42, 45, 48, 56, 61, 80, 91, 92, 101, 102, 105, 237, 239, 240, 241, 245, 247, 250, 251, 253, 260, 268], "summary": {"covered_lines": 39, "num_statements": 40, "percent_covered": 97.5, "percent_covered_display": "98", "missing_lines": 1, "excluded_lines": 0, "percent_statements_covered": 97.5, "percent_statements_covered_display": "98"}, "missing_lines": [242], "excluded_lines": [], "functions": {"max_draw_delay": {"executed_lines": [45], "summary": {"covered_lines": 1, "num_statements": 1, "percent_covered": 100.0, "percent_covered_display": "100", "missing_lines": 0, "excluded_lines": 0, "percent_statements_covered": 100.0, "percent_statements_covered_display": "100"}, "missing_lines": [], "excluded_lines": [], "start_line": 42}, "_fn": {"executed_lines": [92], "summary": {"covered_lines": 1, "num_statements": 1, "percent_covered": 100.0, "percent_covered_display": "100", "missing_lines": 0, "excluded_lines": 0, "percent_statements_covered": 100.0, "percent_statements_covered_display": "100"}, "missing_lines": [], "excluded_lines": [], "start_line": 91}, "_ev": {"executed_lines": [102], "summary": {"covered_lines": 1, "num_statements": 1, "percent_covered": 100.0, "percent_covered_display": "100", "missing_lines": 0, "excluded_lines": 0, "percent_statements_covered": 100.0, "percent_statements_covered_display": "100"}, "missing_lines": [], "excluded_lines": [], "start_line": 101}, "event_signature": {"executed_lines": [239, 240, 241], "summary": {"covered_lines": 3, "num_statements": 4, "percent_covered": 75.0, "percent_covered_display": "75", "missing_lines": 1, "excluded_lines": 0, "percent_statements_covered": 75.0, "percent_statements_covered_display": "75"}, "missing_lines": [242], "excluded_lines": [], "start_line": 237}, "event_topic0": {"executed_lines": [247], "summary": {"covered_lines": 1, "num_statements": 1, "percent_covered": 100.0, "percent_covered_display": "100", "missing_lines": 0, "excluded_lines": 0, "percent_statements_covered": 100.0, "percent_statements_covered_display": "100"}, "missing_lines": [], "excluded_lines": [], "start_line": 245}, "": {"executed_lines": [13, 15, 22, 23, 24, 25, 26, 27, 28, 29, 30, 31, 35, 36, 37, 38, 39, 42, 48, 56, 61, 80, 91, 101, 105, 237, 245, 250, 251, 253, 260, 268], "summary": {"covered_lines": 32, "num_statements": 32, "percent_covered": 100.0, "percent_covered_display": "100", "missing_lines": 0, "excluded_lines": 0, "percent_statements_covered": 100.0, "percent_statements_covered_display": "100"}, "missing_lines": [], "excluded_lines": [], "start_line": 1}}, "classes": {"": {"executed_lines": [13, 15, 22, 23, 24, 25, 26, 27, 28, 29, 30, 31, 35, 36, 37, 38, 39, 42, 45, 48, 56, 61, 80, 91, 92, 101, 102, 105, 237, 239, 240, 241, 245, 247, 250, 251, 253, 260, 268], "summary": {"covered_lines": 39, "num_statements": 40, "percent_covered": 97.5, "percent_covered_display": "98", "missing_lines": 1, "excluded_lines": 0, "percent_statements_covered": 97.5, "percent_statements_covered_display": "98"}, "missing_lines": [242], "excluded_lines": [], "start_line": 1}}}, "ailottery_relayer/chain.py": {"executed_lines": [2, 4, 6, 7, 8, 10, 21, 23, 26, 27, 34, 38, 41, 44, 45, 46, 47, 48, 50, 53, 57, 60, 63, 66, 69, 73, 79, 83, 87, 101, 102, 103, 104, 105, 106, 108, 110, 111, 112, 114, 124, 125, 126, 127, 128, 129, 130, 132, 156, 160, 180, 200, 208, 232, 257, 265], "summary": {"covered_lines": 56, "num_statements": 125, "percent_covered": 44.8, "percent_covered_display": "45", "missing_lines": 69, "excluded_lines": 0, "percent_statements_covered": 44.8, "percent_statements_covered_display": "45"}, "missing_lines": [28, 29, 30, 31, 35, 39, 42, 51, 55, 58, 61, 64, 67, 70, 71, 74, 75, 77, 80, 81, 85, 142, 143, 144, 145, 146, 147, 148, 149, 150, 151, 152, 153, 154, 157, 162, 163, 172, 173, 174, 175, 176, 177, 178, 181, 182, 191, 192, 193, 194, 195, 196, 197, 201, 210, 229, 230, 234, 253, 254, 259, 260, 261, 262, 263, 266, 267, 268, 269], "excluded_lines": [], "functions": {"Chain.__init__": {"executed_lines": [], "summary": {"covered_lines": 0, "num_statements": 4, "percent_covered": 0.0, "percent_covered_display": "0", "missing_lines": 4, "excluded_lines": 0, "percent_statements_covered": 0.0, "percent_statements_covered_display": "0"}, "missing_lines": [28, 29, 30, 31], "excluded_lines": [], "start_line": 27}, "Chain.acct": {"executed_lines": [], "summary": {"covered_lines": 0, "num_statements": 1, "percent_covered": 0.0, "percent_covered_display": "0", "missing_lines": 1, "excluded_lines": 0, "percent_statements_covered": 0.0, "percent_statements_covered_display": "0"}, "missing_lines": [35], "excluded_lines": [], "start_line": 34}, "Chain.current_round_id": {"executed_lines": [], "summary": {"covered_lines": 0, "num_statements": 1, "percent_covered": 0.0, "percent_covered_display": "0", "missing_lines": 1, "excluded_lines": 0, "percent_statements_covered": 0.0, "percent_statements_covered_display": "0"}, "missing_lines": [39], "excluded_lines": [], "start_line": 38}, "Chain.ticket_price": {"executed_lines": [], "summary": {"covered_lines": 0, "num_statements": 1, "percent_covered": 0.0, "percent_covered_display": "0", "missing_lines": 1, "excluded_lines": 0, "percent_statements_covered": 0.0, "percent_statements_covered_display": "0"}, "missing_lines": [42], "excluded_lines": [], "start_line": 41}, "Chain.onchain_vdf": {"executed_lines": [45, 46, 47, 48], "summary": {"covered_lines": 4, "num_statements": 4, "percent_covered": 100.0, "percent_covered_display": "100", "missing_lines": 0, "excluded_lines": 0, "percent_statements_covered": 100.0, "percent_statements_covered_display": "100"}, "missing_lines": [], "excluded_lines": [], "start_line": 44}, "Chain.min_draw_delay": {"executed_lines": [], "summary": {"covered_lines": 0, "num_statements": 1, "percent_covered": 0.0, "percent_covered_display": "0", "missing_lines": 1, "excluded_lines": 0, "percent_statements_covered": 0.0, "percent_statements_covered_display": "0"}, "missing_lines": [51], "excluded_lines": [], "start_line": 50}, "Chain.seconds_per_block": {"executed_lines": [], "summary": {"covered_lines": 0, "num_statements": 1, "percent_covered": 0.0, "percent_covered_display": "0", "missing_lines": 1, "excluded_lines": 0, "percent_statements_covered": 0.0, "percent_statements_covered_display": "0"}, "missing_lines": [55], "excluded_lines": [], "start_line": 53}, "Chain.max_draw_delay": {"executed_lines": [], "summary": {"covered_lines": 0, "num_statements": 1, "percent_covered": 0.0, "percent_covered_display": "0", "missing_lines": 1, "excluded_lines": 0, "percent_statements_covered": 0.0, "percent_statements_covered_display": "0"}, "missing_lines": [58], "excluded_lines": [], "start_line": 57}, "Chain.reseed_count": {"executed_lines": [], "summary": {"covered_lines": 0, "num_statements": 1, "percent_covered": 0.0, "percent_covered_display": "0", "missing_lines": 1, "excluded_lines": 0, "percent_statements_covered": 0.0, "percent_statements_covered_display": "0"}, "missing_lines": [61], "excluded_lines": [], "start_line": 60}, "Chain.unclaimed_pool": {"executed_lines": [], "summary": {"covered_lines": 0, "num_statements": 1, "percent_covered": 0.0, "percent_covered_display": "0", "missing_lines": 1, "excluded_lines": 0, "percent_statements_covered": 0.0, "percent_statements_covered_display": "0"}, "missing_lines": [64], "excluded_lines": [], "start_line": 63}, "Chain.participants_count": {"executed_lines": [], "summary": {"covered_lines": 0, "num_statements": 1, "percent_covered": 0.0, "percent_covered_display": "0", "missing_lines": 1, "excluded_lines": 0, "percent_statements_covered": 0.0, "percent_statements_covered_display": "0"}, "missing_lines": [67], "excluded_lines": [], "start_line": 66}, "Chain.get_round": {"executed_lines": [], "summary": {"covered_lines": 0, "num_statements": 2, "percent_covered": 0.0, "percent_covered_display": "0", "missing_lines": 2, "excluded_lines": 0, "percent_statements_covered": 0.0, "percent_statements_covered_display": "0"}, "missing_lines": [70, 71], "excluded_lines": [], "start_line": 69}, "Chain.economy": {"executed_lines": [], "summary": {"covered_lines": 0, "num_statements": 3, "percent_covered": 0.0, "percent_covered_display": "0", "missing_lines": 3, "excluded_lines": 0, "percent_statements_covered": 0.0, "percent_statements_covered_display": "0"}, "missing_lines": [74, 75, 77], "excluded_lines": [], "start_line": 73}, "Chain.block": {"executed_lines": [], "summary": {"covered_lines": 0, "num_statements": 2, "percent_covered": 0.0, "percent_covered_display": "0", "missing_lines": 2, "excluded_lines": 0, "percent_statements_covered": 0.0, "percent_statements_covered_display": "0"}, "missing_lines": [80, 81], "excluded_lines": [], "start_line": 79}, "Chain.blockhash": {"executed_lines": [], "summary": {"covered_lines": 0, "num_statements": 1, "percent_covered": 0.0, "percent_covered_display": "0", "missing_lines": 1, "excluded_lines": 0, "percent_statements_covered": 0.0, "percent_statements_covered_display": "0"}, "missing_lines": [85], "excluded_lines": [], "start_line": 83}, "Chain.seed_status": {"executed_lines": [101, 102, 103, 104, 105, 106], "summary": {"covered_lines": 6, "num_statements": 6, "percent_covered": 100.0, "percent_covered_display": "100", "missing_lines": 0, "excluded_lines": 0, "percent_statements_covered": 100.0, "percent_statements_covered_display": "100"}, "missing_lines": [], "excluded_lines": [], "start_line": 87}, "Chain.seed_blockhash": {"executed_lines": [110, 111, 112], "summary": {"covered_lines": 3, "num_statements": 3, "percent_covered": 100.0, "percent_covered_display": "100", "missing_lines": 0, "excluded_lines": 0, "percent_statements_covered": 100.0, "percent_statements_covered_display": "100"}, "missing_lines": [], "excluded_lines": [], "start_line": 108}, "Chain.cancel_allowed": {"executed_lines": [124, 125, 126, 127, 128, 129, 130], "summary": {"covered_lines": 7, "num_statements": 7, "percent_covered": 100.0, "percent_covered_display": "100", "missing_lines": 0, "excluded_lines": 0, "percent_statements_covered": 100.0, "percent_statements_covered_display": "100"}, "missing_lines": [], "excluded_lines": [], "start_line": 114}, "Chain.observed_seconds_per_block": {"executed_lines": [], "summary": {"covered_lines": 0, "num_statements": 13, "percent_covered": 0.0, "percent_covered_display": "0", "missing_lines": 13, "excluded_lines": 0, "percent_statements_covered": 0.0, "percent_statements_covered_display": "0"}, "missing_lines": [142, 143, 144, 145, 146, 147, 148, 149, 150, 151, 152, 153, 154], "excluded_lines": [], "start_line": 132}, "Chain.balance": {"executed_lines": [], "summary": {"covered_lines": 0, "num_statements": 1, "percent_covered": 0.0, "percent_covered_display": "0", "missing_lines": 1, "excluded_lines": 0, "percent_statements_covered": 0.0, "percent_statements_covered_display": "0"}, "missing_lines": [157], "excluded_lines": [], "start_line": 156}, "Chain.transfer": {"executed_lines": [], "summary": {"covered_lines": 0, "num_statements": 9, "percent_covered": 0.0, "percent_covered_display": "0", "missing_lines": 9, "excluded_lines": 0, "percent_statements_covered": 0.0, "percent_statements_covered_display": "0"}, "missing_lines": [162, 163, 172, 173, 174, 175, 176, 177, 178], "excluded_lines": [], "start_line": 160}, "Chain.send": {"executed_lines": [], "summary": {"covered_lines": 0, "num_statements": 9, "percent_covered": 0.0, "percent_covered_display": "0", "missing_lines": 9, "excluded_lines": 0, "percent_statements_covered": 0.0, "percent_statements_covered_display": "0"}, "missing_lines": [181, 182, 191, 192, 193, 194, 195, 196, 197], "excluded_lines": [], "start_line": 180}, "Chain._domain": {"executed_lines": [], "summary": {"covered_lines": 0, "num_statements": 1, "percent_covered": 0.0, "percent_covered_display": "0", "missing_lines": 1, "excluded_lines": 0, "percent_statements_covered": 0.0, "percent_statements_covered_display": "0"}, "missing_lines": [201], "excluded_lines": [], "start_line": 200}, "Chain.sign_beacon": {"executed_lines": [], "summary": {"covered_lines": 0, "num_statements": 3, "percent_covered": 0.0, "percent_covered_display": "0", "missing_lines": 3, "excluded_lines": 0, "percent_statements_covered": 0.0, "percent_statements_covered_display": "0"}, "missing_lines": [210, 229, 230], "excluded_lines": [], "start_line": 208}, "Chain.sign_voucher": {"executed_lines": [], "summary": {"covered_lines": 0, "num_statements": 3, "percent_covered": 0.0, "percent_covered_display": "0", "missing_lines": 3, "excluded_lines": 0, "percent_statements_covered": 0.0, "percent_statements_covered_display": "0"}, "missing_lines": [234, 253, 254], "excluded_lines": [], "start_line": 232}, "Chain.fast_forward": {"executed_lines": [], "summary": {"covered_lines": 0, "num_statements": 5, "percent_covered": 0.0, "percent_covered_display": "0", "missing_lines": 5, "excluded_lines": 0, "percent_statements_covered": 0.0, "percent_statements_covered_display": "0"}, "missing_lines": [259, 260, 261, 262, 263], "excluded_lines": [], "start_line": 257}, "Chain.mine": {"executed_lines": [], "summary": {"covered_lines": 0, "num_statements": 4, "percent_covered": 0.0, "percent_covered_display": "0", "missing_lines": 4, "excluded_lines": 0, "percent_statements_covered": 0.0, "percent_statements_covered_display": "0"}, "missing_lines": [266, 267, 268, 269], "excluded_lines": [], "start_line": 265}, "": {"executed_lines": [2, 4, 6, 7, 8, 10, 21, 23, 26, 27, 34, 38, 41, 44, 50, 53, 57, 60, 63, 66, 69, 73, 79, 83, 87, 108, 114, 132, 156, 160, 180, 200, 208, 232, 257, 265], "summary": {"covered_lines": 36, "num_statements": 36, "percent_covered": 100.0, "percent_covered_display": "100", "missing_lines": 0, "excluded_lines": 0, "percent_statements_covered": 100.0, "percent_statements_covered_display": "100"}, "missing_lines": [], "excluded_lines": [], "start_line": 1}}, "classes": {"Chain": {"executed_lines": [45, 46, 47, 48, 101, 102, 103, 104, 105, 106, 110, 111, 112, 124, 125, 126, 127, 128, 129, 130], "summary": {"covered_lines": 20, "num_statements": 89, "percent_covered": 22.471910112359552, "percent_covered_display": "22", "missing_lines": 69, "excluded_lines": 0, "percent_statements_covered": 22.471910112359552, "percent_statements_covered_display": "22"}, "missing_lines": [28, 29, 30, 31, 35, 39, 42, 51, 55, 58, 61, 64, 67, 70, 71, 74, 75, 77, 80, 81, 85, 142, 143, 144, 145, 146, 147, 148, 149, 150, 151, 152, 153, 154, 157, 162, 163, 172, 173, 174, 175, 176, 177, 178, 181, 182, 191, 192, 193, 194, 195, 196, 197, 201, 210, 229, 230, 234, 253, 254, 259, 260, 261, 262, 263, 266, 267, 268, 269], "excluded_lines": [], "start_line": 26}, "": {"executed_lines": [2, 4, 6, 7, 8, 10, 21, 23, 26, 27, 34, 38, 41, 44, 50, 53, 57, 60, 63, 66, 69, 73, 79, 83, 87, 108, 114, 132, 156, 160, 180, 200, 208, 232, 257, 265], "summary": {"covered_lines": 36, "num_statements": 36, "percent_covered": 100.0, "percent_covered_display": "100", "missing_lines": 0, "excluded_lines": 0, "percent_statements_covered": 100.0, "percent_statements_covered_display": "100"}, "missing_lines": [], "excluded_lines": [], "start_line": 1}}}, "ailottery_relayer/config.py": {"executed_lines": [10, 12, 13, 14, 15, 17, 19, 20, 25, 36, 37, 38, 39, 40, 43, 44, 45, 50, 51, 52, 57, 65, 66, 67, 68, 69, 70, 71, 76, 77, 83, 84, 85, 88, 89, 90, 91, 94, 95, 96, 97, 98, 99, 103, 104, 105, 111, 112, 113, 114, 117, 118, 119, 120, 121, 124, 125, 126, 127, 128, 131, 132, 133, 134, 137, 138, 139, 140, 144, 145, 146, 147, 148, 151, 152, 153, 154, 157, 159, 160, 161, 162, 163, 164, 165, 166, 168, 169, 170, 171, 172, 173, 174, 176, 177, 178, 179, 181, 182, 183, 184, 185, 186, 187, 188, 190, 191, 192, 193, 194, 196, 197, 198, 199, 201, 202, 203, 204, 208, 209, 210, 211, 212, 213, 215, 216, 217, 218, 220, 221, 222, 225, 226, 229, 230, 233, 234, 238, 241, 244, 253, 254, 255, 256], "summary": {"covered_lines": 144, "num_statements": 161, "percent_covered": 89.44099378881988, "percent_covered_display": "89", "missing_lines": 17, "excluded_lines": 0, "percent_statements_covered": 89.44099378881988, "percent_statements_covered_display": "89"}, "missing_lines": [46, 47, 53, 54, 227, 231, 236, 239, 242, 245, 246, 247, 248, 249, 250, 257, 258], "excluded_lines": [], "functions": {"_b": {"executed_lines": [37, 38, 39, 40], "summary": {"covered_lines": 4, "num_statements": 4, "percent_covered": 100.0, "percent_covered_display": "100", "missing_lines": 0, "excluded_lines": 0, "percent_statements_covered": 100.0, "percent_statements_covered_display": "100"}, "missing_lines": [], "excluded_lines": [], "start_line": 36}, "_f": {"executed_lines": [44, 45], "summary": {"covered_lines": 2, "num_statements": 4, "percent_covered": 50.0, "percent_covered_display": "50", "missing_lines": 2, "excluded_lines": 0, "percent_statements_covered": 50.0, "percent_statements_covered_display": "50"}, "missing_lines": [46, 47], "excluded_lines": [], "start_line": 43}, "_i": {"executed_lines": [51, 52], "summary": {"covered_lines": 2, "num_statements": 4, "percent_covered": 50.0, "percent_covered_display": "50", "missing_lines": 2, "excluded_lines": 0, "percent_statements_covered": 50.0, "percent_statements_covered_display": "50"}, "missing_lines": [53, 54], "excluded_lines": [], "start_line": 50}, "_guard_wallet_seed": {"executed_lines": [65, 66, 67, 68, 69, 70, 71, 76, 77], "summary": {"covered_lines": 9, "num_statements": 9, "percent_covered": 100.0, "percent_covered_display": "100", "missing_lines": 0, "excluded_lines": 0, "percent_statements_covered": 100.0, "percent_statements_covered_display": "100"}, "missing_lines": [], "excluded_lines": [], "start_line": 57}, "Config.from_env": {"executed_lines": [161, 162, 163, 164, 165, 166, 168, 169, 170, 171, 172, 173, 174, 176, 177, 178, 179, 181, 182, 183, 184, 185, 186, 187, 188, 190, 191, 192, 193, 194, 196, 197, 198, 199, 201, 202, 203, 204, 208, 209, 210, 211, 212, 213, 215, 216, 217, 218, 220, 221, 222], "summary": {"covered_lines": 51, "num_statements": 51, "percent_covered": 100.0, "percent_covered_display": "100", "missing_lines": 0, "excluded_lines": 0, "percent_statements_covered": 100.0, "percent_statements_covered_display": "100"}, "missing_lines": [], "excluded_lines": [], "start_line": 160}, "Config.is_demo": {"executed_lines": [], "summary": {"covered_lines": 0, "num_statements": 1, "percent_covered": 0.0, "percent_covered_display": "0", "missing_lines": 1, "excluded_lines": 0, "percent_statements_covered": 0.0, "percent_statements_covered_display": "0"}, "missing_lines": [227], "excluded_lines": [], "start_line": 226}, "Config.is_uni": {"executed_lines": [], "summary": {"covered_lines": 0, "num_statements": 1, "percent_covered": 0.0, "percent_covered_display": "0", "missing_lines": 1, "excluded_lines": 0, "percent_statements_covered": 0.0, "percent_statements_covered_display": "0"}, "missing_lines": [231], "excluded_lines": [], "start_line": 230}, "Config.use_live_oracles": {"executed_lines": [], "summary": {"covered_lines": 0, "num_statements": 1, "percent_covered": 0.0, "percent_covered_display": "0", "missing_lines": 1, "excluded_lines": 0, "percent_statements_covered": 0.0, "percent_statements_covered_display": "0"}, "missing_lines": [236], "excluded_lines": [], "start_line": 234}, "Config.usd_to_wei": {"executed_lines": [], "summary": {"covered_lines": 0, "num_statements": 1, "percent_covered": 0.0, "percent_covered_display": "0", "missing_lines": 1, "excluded_lines": 0, "percent_statements_covered": 0.0, "percent_statements_covered_display": "0"}, "missing_lines": [239], "excluded_lines": [], "start_line": 238}, "Config.wei_to_usd": {"executed_lines": [], "summary": {"covered_lines": 0, "num_statements": 1, "percent_covered": 0.0, "percent_covered_display": "0", "missing_lines": 1, "excluded_lines": 0, "percent_statements_covered": 0.0, "percent_statements_covered_display": "0"}, "missing_lines": [242], "excluded_lines": [], "start_line": 241}, "Config.resolved_address": {"executed_lines": [], "summary": {"covered_lines": 0, "num_statements": 6, "percent_covered": 0.0, "percent_covered_display": "0", "missing_lines": 6, "excluded_lines": 0, "percent_statements_covered": 0.0, "percent_statements_covered_display": "0"}, "missing_lines": [245, 246, 247, 248, 249, 250], "excluded_lines": [], "start_line": 244}, "_load_yaml": {"executed_lines": [254, 255, 256], "summary": {"covered_lines": 3, "num_statements": 5, "percent_covered": 60.0, "percent_covered_display": "60", "missing_lines": 2, "excluded_lines": 0, "percent_statements_covered": 60.0, "percent_statements_covered_display": "60"}, "missing_lines": [257, 258], "excluded_lines": [], "start_line": 253}, "": {"executed_lines": [10, 12, 13, 14, 15, 17, 19, 20, 25, 36, 43, 50, 57, 83, 84, 85, 88, 89, 90, 91, 94, 95, 96, 97, 98, 99, 103, 104, 105, 111, 112, 113, 114, 117, 118, 119, 120, 121, 124, 125, 126, 127, 128, 131, 132, 133, 134, 137, 138, 139, 140, 144, 145, 146, 147, 148, 151, 152, 153, 154, 157, 159, 160, 225, 226, 229, 230, 233, 234, 238, 241, 244, 253], "summary": {"covered_lines": 73, "num_statements": 73, "percent_covered": 100.0, "percent_covered_display": "100", "missing_lines": 0, "excluded_lines": 0, "percent_statements_covered": 100.0, "percent_statements_covered_display": "100"}, "missing_lines": [], "excluded_lines": [], "start_line": 1}}, "classes": {"Config": {"executed_lines": [161, 162, 163, 164, 165, 166, 168, 169, 170, 171, 172, 173, 174, 176, 177, 178, 179, 181, 182, 183, 184, 185, 186, 187, 188, 190, 191, 192, 193, 194, 196, 197, 198, 199, 201, 202, 203, 204, 208, 209, 210, 211, 212, 213, 215, 216, 217, 218, 220, 221, 222], "summary": {"covered_lines": 51, "num_statements": 62, "percent_covered": 82.25806451612904, "percent_covered_display": "82", "missing_lines": 11, "excluded_lines": 0, "percent_statements_covered": 82.25806451612904, "percent_statements_covered_display": "82"}, "missing_lines": [227, 231, 236, 239, 242, 245, 246, 247, 248, 249, 250], "excluded_lines": [], "start_line": 84}, "": {"executed_lines": [10, 12, 13, 14, 15, 17, 19, 20, 25, 36, 37, 38, 39, 40, 43, 44, 45, 50, 51, 52, 57, 65, 66, 67, 68, 69, 70, 71, 76, 77, 83, 84, 85, 88, 89, 90, 91, 94, 95, 96, 97, 98, 99, 103, 104, 105, 111, 112, 113, 114, 117, 118, 119, 120, 121, 124, 125, 126, 127, 128, 131, 132, 133, 134, 137, 138, 139, 140, 144, 145, 146, 147, 148, 151, 152, 153, 154, 157, 159, 160, 225, 226, 229, 230, 233, 234, 238, 241, 244, 253, 254, 255, 256], "summary": {"covered_lines": 93, "num_statements": 99, "percent_covered": 93.93939393939394, "percent_covered_display": "94", "missing_lines": 6, "excluded_lines": 0, "percent_statements_covered": 93.93939393939394, "percent_statements_covered_display": "94"}, "missing_lines": [46, 47, 53, 54, 257, 258], "excluded_lines": [], "start_line": 1}}}, "ailottery_relayer/economy.py": {"executed_lines": [12, 14, 15, 16, 18, 19, 21, 22, 23, 30, 31, 32, 33, 34, 35, 36, 38, 41, 44, 45, 50, 51, 52, 53, 54, 55, 56, 59, 61, 68, 70, 76, 79, 82, 85, 86, 87, 88, 89, 91, 95, 99, 103, 104, 155, 183, 197, 198, 202, 207, 216, 223, 256, 282, 297, 309, 313, 319, 324, 325, 327, 328, 329, 331, 332, 333, 334, 338, 339, 340, 344, 347, 348, 349, 354, 355, 356, 357, 358, 359, 367, 371, 374, 375, 376, 396, 435, 490, 495, 499, 502, 503, 514, 524], "summary": {"covered_lines": 94, "num_statements": 317, "percent_covered": 29.652996845425868, "percent_covered_display": "30", "missing_lines": 223, "excluded_lines": 0, "percent_statements_covered": 29.652996845425868, "percent_statements_covered_display": "30"}, "missing_lines": [100, 105, 106, 107, 108, 109, 110, 111, 112, 113, 114, 116, 117, 118, 119, 120, 121, 122, 123, 124, 125, 130, 133, 134, 135, 136, 137, 138, 139, 140, 141, 145, 146, 147, 150, 151, 162, 164, 166, 167, 168, 169, 170, 172, 173, 174, 175, 176, 177, 178, 179, 180, 181, 186, 187, 188, 189, 190, 191, 192, 193, 194, 195, 199, 203, 204, 205, 208, 213, 217, 218, 219, 220, 221, 224, 225, 227, 228, 229, 230, 231, 232, 236, 237, 238, 239, 240, 242, 243, 244, 245, 246, 249, 251, 252, 253, 254, 259, 260, 261, 262, 263, 264, 265, 266, 267, 268, 269, 271, 272, 273, 274, 275, 276, 278, 279, 280, 283, 284, 285, 286, 287, 288, 289, 290, 291, 292, 293, 294, 295, 298, 299, 300, 301, 302, 303, 305, 306, 307, 314, 315, 316, 317, 341, 342, 343, 350, 352, 353, 360, 361, 365, 366, 377, 379, 380, 385, 386, 387, 389, 390, 391, 392, 393, 394, 397, 398, 399, 400, 401, 402, 403, 404, 405, 410, 411, 412, 413, 414, 415, 418, 419, 422, 423, 424, 425, 426, 427, 428, 429, 430, 431, 432, 436, 437, 438, 439, 440, 441, 442, 444, 446, 447, 491, 492, 504, 505, 506, 508, 509, 510, 511, 512, 515, 517, 518, 519, 520, 521, 522, 525, 526, 527], "excluded_lines": [], "functions": {"mesh_roster": {"executed_lines": [61], "summary": {"covered_lines": 1, "num_statements": 1, "percent_covered": 100.0, "percent_covered_display": "100", "missing_lines": 0, "excluded_lines": 0, "percent_statements_covered": 100.0, "percent_statements_covered_display": "100"}, "missing_lines": [], "excluded_lines": [], "start_line": 59}, "synthetic_roster": {"executed_lines": [70], "summary": {"covered_lines": 1, "num_statements": 1, "percent_covered": 100.0, "percent_covered_display": "100", "missing_lines": 0, "excluded_lines": 0, "percent_statements_covered": 100.0, "percent_statements_covered_display": "100"}, "missing_lines": [], "excluded_lines": [], "start_line": 68}, "derive_agent_key": {"executed_lines": [79], "summary": {"covered_lines": 1, "num_statements": 1, "percent_covered": 100.0, "percent_covered_display": "100", "missing_lines": 0, "excluded_lines": 0, "percent_statements_covered": 100.0, "percent_statements_covered_display": "100"}, "missing_lines": [], "excluded_lines": [], "start_line": 76}, "uni_wallet_roster": {"executed_lines": [85, 86, 87, 88, 89, 91], "summary": {"covered_lines": 6, "num_statements": 6, "percent_covered": 100.0, "percent_covered_display": "100", "missing_lines": 0, "excluded_lines": 0, "percent_statements_covered": 100.0, "percent_statements_covered_display": "100"}, "missing_lines": [], "excluded_lines": [], "start_line": 82}, "_iso": {"executed_lines": [], "summary": {"covered_lines": 0, "num_statements": 1, "percent_covered": 0.0, "percent_covered_display": "0", "missing_lines": 1, "excluded_lines": 0, "percent_statements_covered": 0.0, "percent_statements_covered_display": "0"}, "missing_lines": [100], "excluded_lines": [], "start_line": 99}, "EconomyEngine.__init__": {"executed_lines": [], "summary": {"covered_lines": 0, "num_statements": 35, "percent_covered": 0.0, "percent_covered_display": "0", "missing_lines": 35, "excluded_lines": 0, "percent_statements_covered": 0.0, "percent_statements_covered_display": "0"}, "missing_lines": [105, 106, 107, 108, 109, 110, 111, 112, 113, 114, 116, 117, 118, 119, 120, 121, 122, 123, 124, 125, 130, 133, 134, 135, 136, 137, 138, 139, 140, 141, 145, 146, 147, 150, 151], "excluded_lines": [], "start_line": 104}, "EconomyEngine._refresh_roster": {"executed_lines": [], "summary": {"covered_lines": 0, "num_statements": 17, "percent_covered": 0.0, "percent_covered_display": "0", "missing_lines": 17, "excluded_lines": 0, "percent_statements_covered": 0.0, "percent_statements_covered_display": "0"}, "missing_lines": [162, 164, 166, 167, 168, 169, 170, 172, 173, 174, 175, 176, 177, 178, 179, 180, 181], "excluded_lines": [], "start_line": 155}, "EconomyEngine._fund_and_bind_roster": {"executed_lines": [], "summary": {"covered_lines": 0, "num_statements": 10, "percent_covered": 0.0, "percent_covered_display": "0", "missing_lines": 10, "excluded_lines": 0, "percent_statements_covered": 0.0, "percent_statements_covered_display": "0"}, "missing_lines": [186, 187, 188, 189, 190, 191, 192, 193, 194, 195], "excluded_lines": [], "start_line": 183}, "EconomyEngine.roster_source": {"executed_lines": [], "summary": {"covered_lines": 0, "num_statements": 1, "percent_covered": 0.0, "percent_covered_display": "0", "missing_lines": 1, "excluded_lines": 0, "percent_statements_covered": 0.0, "percent_statements_covered_display": "0"}, "missing_lines": [199], "excluded_lines": [], "start_line": 198}, "EconomyEngine._name": {"executed_lines": [], "summary": {"covered_lines": 0, "num_statements": 3, "percent_covered": 0.0, "percent_covered_display": "0", "missing_lines": 3, "excluded_lines": 0, "percent_statements_covered": 0.0, "percent_statements_covered_display": "0"}, "missing_lines": [203, 204, 205], "excluded_lines": [], "start_line": 202}, "EconomyEngine._event": {"executed_lines": [], "summary": {"covered_lines": 0, "num_statements": 2, "percent_covered": 0.0, "percent_covered_display": "0", "missing_lines": 2, "excluded_lines": 0, "percent_statements_covered": 0.0, "percent_statements_covered_display": "0"}, "missing_lines": [208, 213], "excluded_lines": [], "start_line": 207}, "EconomyEngine.open_round": {"executed_lines": [], "summary": {"covered_lines": 0, "num_statements": 5, "percent_covered": 0.0, "percent_covered_display": "0", "missing_lines": 5, "excluded_lines": 0, "percent_statements_covered": 0.0, "percent_statements_covered_display": "0"}, "missing_lines": [217, 218, 219, 220, 221], "excluded_lines": [], "start_line": 216}, "EconomyEngine.sell_tickets": {"executed_lines": [], "summary": {"covered_lines": 0, "num_statements": 23, "percent_covered": 0.0, "percent_covered_display": "0", "missing_lines": 23, "excluded_lines": 0, "percent_statements_covered": 0.0, "percent_statements_covered_display": "0"}, "missing_lines": [224, 225, 227, 228, 229, 230, 231, 232, 236, 237, 238, 239, 240, 242, 243, 244, 245, 246, 249, 251, 252, 253, 254], "excluded_lines": [], "start_line": 223}, "EconomyEngine.apply_sponsor_tithe": {"executed_lines": [], "summary": {"covered_lines": 0, "num_statements": 20, "percent_covered": 0.0, "percent_covered_display": "0", "missing_lines": 20, "excluded_lines": 0, "percent_statements_covered": 0.0, "percent_statements_covered_display": "0"}, "missing_lines": [259, 260, 261, 262, 263, 264, 265, 266, 267, 268, 269, 271, 272, 273, 274, 275, 276, 278, 279, 280], "excluded_lines": [], "start_line": 256}, "EconomyEngine.apply_uni_benefactor": {"executed_lines": [], "summary": {"covered_lines": 0, "num_statements": 13, "percent_covered": 0.0, "percent_covered_display": "0", "missing_lines": 13, "excluded_lines": 0, "percent_statements_covered": 0.0, "percent_statements_covered_display": "0"}, "missing_lines": [283, 284, 285, 286, 287, 288, 289, 290, 291, 292, 293, 294, 295], "excluded_lines": [], "start_line": 282}, "EconomyEngine._advance_to_close": {"executed_lines": [], "summary": {"covered_lines": 0, "num_statements": 9, "percent_covered": 0.0, "percent_covered_display": "0", "missing_lines": 9, "excluded_lines": 0, "percent_statements_covered": 0.0, "percent_statements_covered_display": "0"}, "missing_lines": [298, 299, 300, 301, 302, 303, 305, 306, 307], "excluded_lines": [], "start_line": 297}, "EconomyEngine.close_and_draw": {"executed_lines": [313, 319, 324, 331, 332, 333, 334, 338, 339, 340, 344, 347, 348, 349, 354, 355, 356, 357, 358, 359, 367, 371, 374, 375, 376], "summary": {"covered_lines": 25, "num_statements": 51, "percent_covered": 49.01960784313726, "percent_covered_display": "49", "missing_lines": 26, "excluded_lines": 0, "percent_statements_covered": 49.01960784313726, "percent_statements_covered_display": "49"}, "missing_lines": [314, 315, 316, 317, 341, 342, 343, 350, 352, 353, 360, 361, 365, 366, 377, 379, 380, 385, 386, 387, 389, 390, 391, 392, 393, 394], "excluded_lines": [], "start_line": 309}, "EconomyEngine.close_and_draw._platon_word": {"executed_lines": [325, 327, 328, 329], "summary": {"covered_lines": 4, "num_statements": 4, "percent_covered": 100.0, "percent_covered_display": "100", "missing_lines": 0, "excluded_lines": 0, "percent_statements_covered": 100.0, "percent_statements_covered_display": "100"}, "missing_lines": [], "excluded_lines": [], "start_line": 324}, "EconomyEngine.settle": {"executed_lines": [], "summary": {"covered_lines": 0, "num_statements": 28, "percent_covered": 0.0, "percent_covered_display": "0", "missing_lines": 28, "excluded_lines": 0, "percent_statements_covered": 0.0, "percent_statements_covered_display": "0"}, "missing_lines": [397, 398, 399, 400, 401, 402, 403, 404, 405, 410, 411, 412, 413, 414, 415, 418, 419, 422, 423, 424, 425, 426, 427, 428, 429, 430, 431, 432], "excluded_lines": [], "start_line": 396}, "EconomyEngine.snapshot": {"executed_lines": [], "summary": {"covered_lines": 0, "num_statements": 10, "percent_covered": 0.0, "percent_covered_display": "0", "missing_lines": 10, "excluded_lines": 0, "percent_statements_covered": 0.0, "percent_statements_covered_display": "0"}, "missing_lines": [436, 437, 438, 439, 440, 441, 442, 444, 446, 447], "excluded_lines": [], "start_line": 435}, "EconomyEngine.publish": {"executed_lines": [], "summary": {"covered_lines": 0, "num_statements": 2, "percent_covered": 0.0, "percent_covered_display": "0", "missing_lines": 2, "excluded_lines": 0, "percent_statements_covered": 0.0, "percent_statements_covered_display": "0"}, "missing_lines": [491, 492], "excluded_lines": [], "start_line": 490}, "EconomyEngine.run_one_round": {"executed_lines": [499, 502, 503], "summary": {"covered_lines": 3, "num_statements": 11, "percent_covered": 27.272727272727273, "percent_covered_display": "27", "missing_lines": 8, "excluded_lines": 0, "percent_statements_covered": 27.272727272727273, "percent_statements_covered_display": "27"}, "missing_lines": [504, 505, 506, 508, 509, 510, 511, 512], "excluded_lines": [], "start_line": 495}, "EconomyEngine.run_forever": {"executed_lines": [], "summary": {"covered_lines": 0, "num_statements": 7, "percent_covered": 0.0, "percent_covered_display": "0", "missing_lines": 7, "excluded_lines": 0, "percent_statements_covered": 0.0, "percent_statements_covered_display": "0"}, "missing_lines": [515, 517, 518, 519, 520, 521, 522], "excluded_lines": [], "start_line": 514}, "EconomyEngine.stop": {"executed_lines": [], "summary": {"covered_lines": 0, "num_statements": 3, "percent_covered": 0.0, "percent_covered_display": "0", "missing_lines": 3, "excluded_lines": 0, "percent_statements_covered": 0.0, "percent_statements_covered_display": "0"}, "missing_lines": [525, 526, 527], "excluded_lines": [], "start_line": 524}, "": {"executed_lines": [12, 14, 15, 16, 18, 19, 21, 22, 23, 30, 31, 32, 33, 34, 35, 36, 38, 41, 44, 45, 50, 51, 52, 53, 54, 55, 56, 59, 68, 76, 82, 95, 99, 103, 104, 155, 183, 197, 198, 202, 207, 216, 223, 256, 282, 297, 309, 396, 435, 490, 495, 514, 524], "summary": {"covered_lines": 53, "num_statements": 53, "percent_covered": 100.0, "percent_covered_display": "100", "missing_lines": 0, "excluded_lines": 0, "percent_statements_covered": 100.0, "percent_statements_covered_display": "100"}, "missing_lines": [], "excluded_lines": [], "start_line": 1}}, "classes": {"Participant": {"executed_lines": [], "summary": {"covered_lines": 0, "num_statements": 0, "percent_covered": 100.0, "percent_covered_display": "100", "missing_lines": 0, "excluded_lines": 0, "percent_statements_covered": 100.0, "percent_statements_covered_display": "100"}, "missing_lines": [], "excluded_lines": [], "start_line": 45}, "EconomyEngine": {"executed_lines": [313, 319, 324, 325, 327, 328, 329, 331, 332, 333, 334, 338, 339, 340, 344, 347, 348, 349, 354, 355, 356, 357, 358, 359, 367, 371, 374, 375, 376, 499, 502, 503], "summary": {"covered_lines": 32, "num_statements": 254, "percent_covered": 12.598425196850394, "percent_covered_display": "13", "missing_lines": 222, "excluded_lines": 0, "percent_statements_covered": 12.598425196850394, "percent_statements_covered_display": "13"}, "missing_lines": [105, 106, 107, 108, 109, 110, 111, 112, 113, 114, 116, 117, 118, 119, 120, 121, 122, 123, 124, 125, 130, 133, 134, 135, 136, 137, 138, 139, 140, 141, 145, 146, 147, 150, 151, 162, 164, 166, 167, 168, 169, 170, 172, 173, 174, 175, 176, 177, 178, 179, 180, 181, 186, 187, 188, 189, 190, 191, 192, 193, 194, 195, 199, 203, 204, 205, 208, 213, 217, 218, 219, 220, 221, 224, 225, 227, 228, 229, 230, 231, 232, 236, 237, 238, 239, 240, 242, 243, 244, 245, 246, 249, 251, 252, 253, 254, 259, 260, 261, 262, 263, 264, 265, 266, 267, 268, 269, 271, 272, 273, 274, 275, 276, 278, 279, 280, 283, 284, 285, 286, 287, 288, 289, 290, 291, 292, 293, 294, 295, 298, 299, 300, 301, 302, 303, 305, 306, 307, 314, 315, 316, 317, 341, 342, 343, 350, 352, 353, 360, 361, 365, 366, 377, 379, 380, 385, 386, 387, 389, 390, 391, 392, 393, 394, 397, 398, 399, 400, 401, 402, 403, 404, 405, 410, 411, 412, 413, 414, 415, 418, 419, 422, 423, 424, 425, 426, 427, 428, 429, 430, 431, 432, 436, 437, 438, 439, 440, 441, 442, 444, 446, 447, 491, 492, 504, 505, 506, 508, 509, 510, 511, 512, 515, 517, 518, 519, 520, 521, 522, 525, 526, 527], "excluded_lines": [], "start_line": 103}, "": {"executed_lines": [12, 14, 15, 16, 18, 19, 21, 22, 23, 30, 31, 32, 33, 34, 35, 36, 38, 41, 44, 45, 50, 51, 52, 53, 54, 55, 56, 59, 61, 68, 70, 76, 79, 82, 85, 86, 87, 88, 89, 91, 95, 99, 103, 104, 155, 183, 197, 198, 202, 207, 216, 223, 256, 282, 297, 309, 396, 435, 490, 495, 514, 524], "summary": {"covered_lines": 62, "num_statements": 63, "percent_covered": 98.41269841269842, "percent_covered_display": "98", "missing_lines": 1, "excluded_lines": 0, "percent_statements_covered": 98.41269841269842, "percent_statements_covered_display": "98"}, "missing_lines": [100], "excluded_lines": [], "start_line": 1}}}, "ailottery_relayer/economy_draw.py": {"executed_lines": [18, 20, 21, 23, 25, 34, 35, 36, 41, 45, 48, 49, 50, 51, 52, 53, 54, 58, 61, 73, 74, 75, 77, 78, 79, 80, 84, 85, 86, 87, 90, 97, 98, 99, 102, 123, 124, 125, 126, 127, 128, 129, 130, 131, 132, 135, 140, 141, 142, 143, 144, 146, 147, 150, 162, 163, 164, 169, 172, 180, 181, 182, 190, 191, 194, 196, 197, 198, 199, 200, 201, 202, 203, 204, 205, 206, 211, 214, 232, 233, 235, 236, 240, 241, 242, 243, 247, 248, 249, 251, 252, 253, 255, 256, 257, 258, 260, 261, 262, 267, 270, 271, 272, 273, 278, 280, 281, 282, 294, 296, 297, 298, 300, 301, 302, 306, 309, 312, 313, 316, 317, 318, 319, 321, 323, 326, 328, 329, 330, 332, 333, 342, 343, 344, 346, 347, 348, 352, 354, 355, 356, 361, 362, 363, 364, 365, 366, 374, 375, 378, 379, 380], "summary": {"covered_lines": 152, "num_statements": 203, "percent_covered": 74.8768472906404, "percent_covered_display": "75", "missing_lines": 51, "excluded_lines": 2, "percent_statements_covered": 74.8768472906404, "percent_statements_covered_display": "75"}, "missing_lines": [56, 57, 165, 166, 167, 207, 208, 209, 210, 234, 237, 238, 244, 245, 275, 283, 284, 285, 286, 287, 288, 289, 290, 291, 299, 334, 338, 340, 341, 349, 350, 351, 357, 359, 360, 367, 368, 372, 373, 381, 383, 384, 386, 387, 391, 393, 394, 395, 396, 397, 398], "excluded_lines": [38, 39], "functions": {"advance_to_close": {"executed_lines": [49, 50, 51, 52, 53, 54, 58], "summary": {"covered_lines": 7, "num_statements": 9, "percent_covered": 77.77777777777777, "percent_covered_display": "78", "missing_lines": 2, "excluded_lines": 0, "percent_statements_covered": 77.77777777777777, "percent_statements_covered_display": "78"}, "missing_lines": [56, 57], "excluded_lines": [], "start_line": 48}, "safe_cancel": {"executed_lines": [73, 74, 75, 77, 78, 79, 80, 84, 85, 86, 87], "summary": {"covered_lines": 11, "num_statements": 11, "percent_covered": 100.0, "percent_covered_display": "100", "missing_lines": 0, "excluded_lines": 0, "percent_statements_covered": 100.0, "percent_statements_covered_display": "100"}, "missing_lines": [], "excluded_lines": [], "start_line": 61}, "defer_stalled": {"executed_lines": [97, 98, 99], "summary": {"covered_lines": 3, "num_statements": 3, "percent_covered": 100.0, "percent_covered_display": "100", "missing_lines": 0, "excluded_lines": 0, "percent_statements_covered": 100.0, "percent_statements_covered_display": "100"}, "missing_lines": [], "excluded_lines": [], "start_line": 90}, "sweep_stalled_rounds": {"executed_lines": [123, 124, 125, 126, 127, 128, 129, 130, 131, 132, 135, 140, 141, 142, 143, 144, 146, 147], "summary": {"covered_lines": 18, "num_statements": 18, "percent_covered": 100.0, "percent_covered_display": "100", "missing_lines": 0, "excluded_lines": 0, "percent_statements_covered": 100.0, "percent_statements_covered_display": "100"}, "missing_lines": [], "excluded_lines": [], "start_line": 102}, "preflight_draw_window": {"executed_lines": [162, 163, 164, 169, 172, 180, 181, 182, 190, 191], "summary": {"covered_lines": 10, "num_statements": 13, "percent_covered": 76.92307692307692, "percent_covered_display": "77", "missing_lines": 3, "excluded_lines": 0, "percent_statements_covered": 76.92307692307692, "percent_statements_covered_display": "77"}, "missing_lines": [165, 166, 167], "excluded_lines": [], "start_line": 150}, "_wait_for_draw_delay": {"executed_lines": [196, 197, 198, 199, 200, 201, 202, 203, 204, 205, 206, 211], "summary": {"covered_lines": 12, "num_statements": 16, "percent_covered": 75.0, "percent_covered_display": "75", "missing_lines": 4, "excluded_lines": 0, "percent_statements_covered": 75.0, "percent_statements_covered_display": "75"}, "missing_lines": [207, 208, 209, 210], "excluded_lines": [], "start_line": 194}, "ensure_settleable_seed": {"executed_lines": [232, 233, 235, 236, 240, 241, 242, 243, 247, 248, 249, 251, 252, 253, 255, 256, 257, 258, 260, 261, 262, 267, 270, 271, 272, 273], "summary": {"covered_lines": 26, "num_statements": 32, "percent_covered": 81.25, "percent_covered_display": "81", "missing_lines": 6, "excluded_lines": 0, "percent_statements_covered": 81.25, "percent_statements_covered_display": "81"}, "missing_lines": [234, 237, 238, 244, 245, 275], "excluded_lines": [], "start_line": 214}, "_await_seed_block": {"executed_lines": [280, 281, 282], "summary": {"covered_lines": 3, "num_statements": 12, "percent_covered": 25.0, "percent_covered_display": "25", "missing_lines": 9, "excluded_lines": 0, "percent_statements_covered": 25.0, "percent_statements_covered_display": "25"}, "missing_lines": [283, 284, 285, 286, 287, 288, 289, 290, 291], "excluded_lines": [], "start_line": 278}, "_await_reseed_cooldown": {"executed_lines": [296, 297, 298, 300, 301, 302, 306, 309], "summary": {"covered_lines": 8, "num_statements": 9, "percent_covered": 88.88888888888889, "percent_covered_display": "89", "missing_lines": 1, "excluded_lines": 0, "percent_statements_covered": 88.88888888888889, "percent_statements_covered_display": "89"}, "missing_lines": [299], "excluded_lines": [], "start_line": 294}, "close_and_draw": {"executed_lines": [313, 316, 317, 318, 319, 321, 323, 332, 333, 342, 343, 344, 346, 347, 348, 352, 354, 355, 356, 361, 362, 363, 364, 365, 366, 374, 375, 378, 379, 380], "summary": {"covered_lines": 30, "num_statements": 56, "percent_covered": 53.57142857142857, "percent_covered_display": "54", "missing_lines": 26, "excluded_lines": 0, "percent_statements_covered": 53.57142857142857, "percent_statements_covered_display": "54"}, "missing_lines": [334, 338, 340, 341, 349, 350, 351, 357, 359, 360, 367, 368, 372, 373, 381, 383, 384, 386, 387, 391, 393, 394, 395, 396, 397, 398], "excluded_lines": [], "start_line": 312}, "close_and_draw._draw_word": {"executed_lines": [326, 328, 329, 330], "summary": {"covered_lines": 4, "num_statements": 4, "percent_covered": 100.0, "percent_covered_display": "100", "missing_lines": 0, "excluded_lines": 0, "percent_statements_covered": 100.0, "percent_statements_covered_display": "100"}, "missing_lines": [], "excluded_lines": [], "start_line": 323}, "": {"executed_lines": [18, 20, 21, 23, 25, 34, 35, 36, 41, 45, 48, 61, 90, 102, 150, 194, 214, 278, 294, 312], "summary": {"covered_lines": 20, "num_statements": 20, "percent_covered": 100.0, "percent_covered_display": "100", "missing_lines": 0, "excluded_lines": 2, "percent_statements_covered": 100.0, "percent_statements_covered_display": "100"}, "missing_lines": [], "excluded_lines": [38, 39], "start_line": 1}}, "classes": {"": {"executed_lines": [18, 20, 21, 23, 25, 34, 35, 36, 41, 45, 48, 49, 50, 51, 52, 53, 54, 58, 61, 73, 74, 75, 77, 78, 79, 80, 84, 85, 86, 87, 90, 97, 98, 99, 102, 123, 124, 125, 126, 127, 128, 129, 130, 131, 132, 135, 140, 141, 142, 143, 144, 146, 147, 150, 162, 163, 164, 169, 172, 180, 181, 182, 190, 191, 194, 196, 197, 198, 199, 200, 201, 202, 203, 204, 205, 206, 211, 214, 232, 233, 235, 236, 240, 241, 242, 243, 247, 248, 249, 251, 252, 253, 255, 256, 257, 258, 260, 261, 262, 267, 270, 271, 272, 273, 278, 280, 281, 282, 294, 296, 297, 298, 300, 301, 302, 306, 309, 312, 313, 316, 317, 318, 319, 321, 323, 326, 328, 329, 330, 332, 333, 342, 343, 344, 346, 347, 348, 352, 354, 355, 356, 361, 362, 363, 364, 365, 366, 374, 375, 378, 379, 380], "summary": {"covered_lines": 152, "num_statements": 203, "percent_covered": 74.8768472906404, "percent_covered_display": "75", "missing_lines": 51, "excluded_lines": 2, "percent_statements_covered": 74.8768472906404, "percent_statements_covered_display": "75"}, "missing_lines": [56, 57, 165, 166, 167, 207, 208, 209, 210, 234, 237, 238, 244, 245, 275, 283, 284, 285, 286, 287, 288, 289, 290, 291, 299, 334, 338, 340, 341, 349, 350, 351, 357, 359, 360, 367, 368, 372, 373, 381, 383, 384, 386, 387, 391, 393, 394, 395, 396, 397, 398], "excluded_lines": [38, 39], "start_line": 1}}}, "ailottery_relayer/economy_snapshot.py": {"executed_lines": [2, 4, 5, 6, 8, 14, 18, 19, 22, 23, 28, 31, 32, 33, 34, 37, 38, 39, 40, 41, 42, 43, 46, 49, 91, 92, 93], "summary": {"covered_lines": 27, "num_statements": 29, "percent_covered": 93.10344827586206, "percent_covered_display": "93", "missing_lines": 2, "excluded_lines": 2, "percent_statements_covered": 93.10344827586206, "percent_statements_covered_display": "93"}, "missing_lines": [44, 48], "excluded_lines": [10, 11], "functions": {"iso_now": {"executed_lines": [19], "summary": {"covered_lines": 1, "num_statements": 1, "percent_covered": 100.0, "percent_covered_display": "100", "missing_lines": 0, "excluded_lines": 0, "percent_statements_covered": 100.0, "percent_statements_covered_display": "100"}, "missing_lines": [], "excluded_lines": [], "start_line": 18}, "record_event": {"executed_lines": [23, 28], "summary": {"covered_lines": 2, "num_statements": 2, "percent_covered": 100.0, "percent_covered_display": "100", "missing_lines": 0, "excluded_lines": 0, "percent_statements_covered": 100.0, "percent_statements_covered_display": "100"}, "missing_lines": [], "excluded_lines": [], "start_line": 22}, "name_for_addr": {"executed_lines": [32, 33, 34], "summary": {"covered_lines": 3, "num_statements": 3, "percent_covered": 100.0, "percent_covered_display": "100", "missing_lines": 0, "excluded_lines": 0, "percent_statements_covered": 100.0, "percent_statements_covered_display": "100"}, "missing_lines": [], "excluded_lines": [], "start_line": 31}, "build_snapshot": {"executed_lines": [38, 39, 40, 41, 42, 43, 46, 49], "summary": {"covered_lines": 8, "num_statements": 10, "percent_covered": 80.0, "percent_covered_display": "80", "missing_lines": 2, "excluded_lines": 0, "percent_statements_covered": 80.0, "percent_statements_covered_display": "80"}, "missing_lines": [44, 48], "excluded_lines": [], "start_line": 37}, "publish_snapshot": {"executed_lines": [92, 93], "summary": {"covered_lines": 2, "num_statements": 2, "percent_covered": 100.0, "percent_covered_display": "100", "missing_lines": 0, "excluded_lines": 0, "percent_statements_covered": 100.0, "percent_statements_covered_display": "100"}, "missing_lines": [], "excluded_lines": [], "start_line": 91}, "": {"executed_lines": [2, 4, 5, 6, 8, 14, 18, 22, 31, 37, 91], "summary": {"covered_lines": 11, "num_statements": 11, "percent_covered": 100.0, "percent_covered_display": "100", "missing_lines": 0, "excluded_lines": 2, "percent_statements_covered": 100.0, "percent_statements_covered_display": "100"}, "missing_lines": [], "excluded_lines": [10, 11], "start_line": 1}}, "classes": {"": {"executed_lines": [2, 4, 5, 6, 8, 14, 18, 19, 22, 23, 28, 31, 32, 33, 34, 37, 38, 39, 40, 41, 42, 43, 46, 49, 91, 92, 93], "summary": {"covered_lines": 27, "num_statements": 29, "percent_covered": 93.10344827586206, "percent_covered_display": "93", "missing_lines": 2, "excluded_lines": 2, "percent_statements_covered": 93.10344827586206, "percent_statements_covered_display": "93"}, "missing_lines": [44, 48], "excluded_lines": [10, 11], "start_line": 1}}}, "ailottery_relayer/log.py": {"executed_lines": [2, 4, 5, 6, 8, 11, 12, 13, 15, 16, 17, 18, 19, 20], "summary": {"covered_lines": 14, "num_statements": 15, "percent_covered": 93.33333333333333, "percent_covered_display": "93", "missing_lines": 1, "excluded_lines": 0, "percent_statements_covered": 93.33333333333333, "percent_statements_covered_display": "93"}, "missing_lines": [14], "excluded_lines": [], "functions": {"get_logger": {"executed_lines": [12, 13, 15, 16, 17, 18, 19, 20], "summary": {"covered_lines": 8, "num_statements": 9, "percent_covered": 88.88888888888889, "percent_covered_display": "89", "missing_lines": 1, "excluded_lines": 0, "percent_statements_covered": 88.88888888888889, "percent_statements_covered_display": "89"}, "missing_lines": [14], "excluded_lines": [], "start_line": 11}, "": {"executed_lines": [2, 4, 5, 6, 8, 11], "summary": {"covered_lines": 6, "num_statements": 6, "percent_covered": 100.0, "percent_covered_display": "100", "missing_lines": 0, "excluded_lines": 0, "percent_statements_covered": 100.0, "percent_statements_covered_display": "100"}, "missing_lines": [], "excluded_lines": [], "start_line": 1}}, "classes": {"": {"executed_lines": [2, 4, 5, 6, 8, 11, 12, 13, 15, 16, 17, 18, 19, 20], "summary": {"covered_lines": 14, "num_statements": 15, "percent_covered": 93.33333333333333, "percent_covered_display": "93", "missing_lines": 1, "excluded_lines": 0, "percent_statements_covered": 93.33333333333333, "percent_statements_covered_display": "93"}, "missing_lines": [14], "excluded_lines": [], "start_line": 1}}}, "ailottery_relayer/mesh.py": {"executed_lines": [11, 13, 15, 17, 18, 20, 23, 24, 25, 26, 27, 28, 29, 31, 32, 34, 37, 38, 39, 40, 42, 43, 44, 46, 48, 49, 50, 51, 54, 55, 56, 58, 59, 60, 62, 63, 64, 65, 66, 67, 70, 78, 79, 81, 99], "summary": {"covered_lines": 45, "num_statements": 62, "percent_covered": 72.58064516129032, "percent_covered_display": "73", "missing_lines": 17, "excluded_lines": 0, "percent_statements_covered": 72.58064516129032, "percent_statements_covered_display": "73"}, "missing_lines": [57, 68, 69, 83, 84, 85, 86, 87, 88, 89, 90, 93, 94, 95, 96, 97, 100], "excluded_lines": [], "functions": {"MeshAgent.trust_bps": {"executed_lines": [34], "summary": {"covered_lines": 1, "num_statements": 1, "percent_covered": 100.0, "percent_covered_display": "100", "missing_lines": 0, "excluded_lines": 0, "percent_statements_covered": 100.0, "percent_statements_covered_display": "100"}, "missing_lines": [], "excluded_lines": [], "start_line": 32}, "MeshClient.__init__": {"executed_lines": [39, 40], "summary": {"covered_lines": 2, "num_statements": 2, "percent_covered": 100.0, "percent_covered_display": "100", "missing_lines": 0, "excluded_lines": 0, "percent_statements_covered": 100.0, "percent_statements_covered_display": "100"}, "missing_lines": [], "excluded_lines": [], "start_line": 38}, "MeshClient.enabled": {"executed_lines": [44], "summary": {"covered_lines": 1, "num_statements": 1, "percent_covered": 100.0, "percent_covered_display": "100", "missing_lines": 0, "excluded_lines": 0, "percent_statements_covered": 100.0, "percent_statements_covered_display": "100"}, "missing_lines": [], "excluded_lines": [], "start_line": 43}, "MeshClient.fetch_agents": {"executed_lines": [48, 49, 50, 51, 54, 55, 56, 58, 59, 60, 62, 63, 64, 65, 66, 67, 70, 78, 79], "summary": {"covered_lines": 19, "num_statements": 22, "percent_covered": 86.36363636363636, "percent_covered_display": "86", "missing_lines": 3, "excluded_lines": 0, "percent_statements_covered": 86.36363636363636, "percent_statements_covered_display": "86"}, "missing_lines": [57, 68, 69], "excluded_lines": [], "start_line": 46}, "MeshClient.bind_wallet": {"executed_lines": [], "summary": {"covered_lines": 0, "num_statements": 13, "percent_covered": 0.0, "percent_covered_display": "0", "missing_lines": 13, "excluded_lines": 0, "percent_statements_covered": 0.0, "percent_statements_covered_display": "0"}, "missing_lines": [83, 84, 85, 86, 87, 88, 89, 90, 93, 94, 95, 96, 97], "excluded_lines": [], "start_line": 81}, "MeshClient.close": {"executed_lines": [], "summary": {"covered_lines": 0, "num_statements": 1, "percent_covered": 0.0, "percent_covered_display": "0", "missing_lines": 1, "excluded_lines": 0, "percent_statements_covered": 0.0, "percent_statements_covered_display": "0"}, "missing_lines": [100], "excluded_lines": [], "start_line": 99}, "": {"executed_lines": [11, 13, 15, 17, 18, 20, 23, 24, 25, 26, 27, 28, 29, 31, 32, 37, 38, 42, 43, 46, 81, 99], "summary": {"covered_lines": 22, "num_statements": 22, "percent_covered": 100.0, "percent_covered_display": "100", "missing_lines": 0, "excluded_lines": 0, "percent_statements_covered": 100.0, "percent_statements_covered_display": "100"}, "missing_lines": [], "excluded_lines": [], "start_line": 1}}, "classes": {"MeshAgent": {"executed_lines": [34], "summary": {"covered_lines": 1, "num_statements": 1, "percent_covered": 100.0, "percent_covered_display": "100", "missing_lines": 0, "excluded_lines": 0, "percent_statements_covered": 100.0, "percent_statements_covered_display": "100"}, "missing_lines": [], "excluded_lines": [], "start_line": 24}, "MeshClient": {"executed_lines": [39, 40, 44, 48, 49, 50, 51, 54, 55, 56, 58, 59, 60, 62, 63, 64, 65, 66, 67, 70, 78, 79], "summary": {"covered_lines": 22, "num_statements": 39, "percent_covered": 56.41025641025641, "percent_covered_display": "56", "missing_lines": 17, "excluded_lines": 0, "percent_statements_covered": 56.41025641025641, "percent_statements_covered_display": "56"}, "missing_lines": [57, 68, 69, 83, 84, 85, 86, 87, 88, 89, 90, 93, 94, 95, 96, 97, 100], "excluded_lines": [], "start_line": 37}, "": {"executed_lines": [11, 13, 15, 17, 18, 20, 23, 24, 25, 26, 27, 28, 29, 31, 32, 37, 38, 42, 43, 46, 81, 99], "summary": {"covered_lines": 22, "num_statements": 22, "percent_covered": 100.0, "percent_covered_display": "100", "missing_lines": 0, "excluded_lines": 0, "percent_statements_covered": 100.0, "percent_statements_covered_display": "100"}, "missing_lines": [], "excluded_lines": [], "start_line": 1}}}, "ailottery_relayer/monitor.py": {"executed_lines": [9, 11, 13, 15, 22, 25, 30, 40, 41, 47, 48, 51, 69], "summary": {"covered_lines": 13, "num_statements": 32, "percent_covered": 40.625, "percent_covered_display": "41", "missing_lines": 19, "excluded_lines": 0, "percent_statements_covered": 40.625, "percent_statements_covered_display": "41"}, "missing_lines": [42, 43, 44, 45, 49, 52, 53, 54, 55, 60, 61, 62, 63, 64, 65, 66, 67, 70, 71], "excluded_lines": [], "functions": {"build_monitor_metrics": {"executed_lines": [30], "summary": {"covered_lines": 1, "num_statements": 1, "percent_covered": 100.0, "percent_covered_display": "100", "missing_lines": 0, "excluded_lines": 0, "percent_statements_covered": 100.0, "percent_statements_covered_display": "100"}, "missing_lines": [], "excluded_lines": [], "start_line": 25}, "MonitorFeed.__init__": {"executed_lines": [], "summary": {"covered_lines": 0, "num_statements": 4, "percent_covered": 0.0, "percent_covered_display": "0", "missing_lines": 4, "excluded_lines": 0, "percent_statements_covered": 0.0, "percent_statements_covered_display": "0"}, "missing_lines": [42, 43, 44, 45], "excluded_lines": [], "start_line": 41}, "MonitorFeed.enabled": {"executed_lines": [], "summary": {"covered_lines": 0, "num_statements": 1, "percent_covered": 0.0, "percent_covered_display": "0", "missing_lines": 1, "excluded_lines": 0, "percent_statements_covered": 0.0, "percent_statements_covered_display": "0"}, "missing_lines": [49], "excluded_lines": [], "start_line": 48}, "MonitorFeed.push": {"executed_lines": [], "summary": {"covered_lines": 0, "num_statements": 12, "percent_covered": 0.0, "percent_covered_display": "0", "missing_lines": 12, "excluded_lines": 0, "percent_statements_covered": 0.0, "percent_statements_covered_display": "0"}, "missing_lines": [52, 53, 54, 55, 60, 61, 62, 63, 64, 65, 66, 67], "excluded_lines": [], "start_line": 51}, "MonitorFeed.close": {"executed_lines": [], "summary": {"covered_lines": 0, "num_statements": 2, "percent_covered": 0.0, "percent_covered_display": "0", "missing_lines": 2, "excluded_lines": 0, "percent_statements_covered": 0.0, "percent_statements_covered_display": "0"}, "missing_lines": [70, 71], "excluded_lines": [], "start_line": 69}, "": {"executed_lines": [9, 11, 13, 15, 22, 25, 40, 41, 47, 48, 51, 69], "summary": {"covered_lines": 12, "num_statements": 12, "percent_covered": 100.0, "percent_covered_display": "100", "missing_lines": 0, "excluded_lines": 0, "percent_statements_covered": 100.0, "percent_statements_covered_display": "100"}, "missing_lines": [], "excluded_lines": [], "start_line": 1}}, "classes": {"MonitorFeed": {"executed_lines": [], "summary": {"covered_lines": 0, "num_statements": 19, "percent_covered": 0.0, "percent_covered_display": "0", "missing_lines": 19, "excluded_lines": 0, "percent_statements_covered": 0.0, "percent_statements_covered_display": "0"}, "missing_lines": [42, 43, 44, 45, 49, 52, 53, 54, 55, 60, 61, 62, 63, 64, 65, 66, 67, 70, 71], "excluded_lines": [], "start_line": 40}, "": {"executed_lines": [9, 11, 13, 15, 22, 25, 30, 40, 41, 47, 48, 51, 69], "summary": {"covered_lines": 13, "num_statements": 13, "percent_covered": 100.0, "percent_covered_display": "100", "missing_lines": 0, "excluded_lines": 0, "percent_statements_covered": 100.0, "percent_statements_covered_display": "100"}, "missing_lines": [], "excluded_lines": [], "start_line": 1}}}, "ailottery_relayer/oracles.py": {"executed_lines": [15, 17, 18, 19, 20, 21, 23, 24, 26, 27, 29, 31, 38, 47, 51, 52, 53, 54, 55, 56, 59, 60, 67, 68, 69, 70, 71, 73, 74, 75, 76, 77, 80, 81, 88, 100, 112, 124, 140, 158, 191, 224, 229, 230, 237, 238, 251, 252, 253, 255, 256, 257, 258, 264, 265, 266, 267, 268, 269, 271, 272, 273, 274, 276], "summary": {"covered_lines": 64, "num_statements": 182, "percent_covered": 35.16483516483517, "percent_covered_display": "35", "missing_lines": 118, "excluded_lines": 0, "percent_statements_covered": 35.16483516483517, "percent_statements_covered_display": "35"}, "missing_lines": [82, 83, 84, 85, 90, 91, 92, 93, 95, 96, 97, 98, 102, 103, 104, 105, 107, 108, 109, 110, 114, 115, 116, 117, 119, 120, 121, 122, 126, 127, 128, 130, 131, 132, 133, 135, 136, 137, 138, 142, 143, 144, 145, 146, 147, 148, 149, 150, 152, 153, 154, 155, 159, 160, 161, 162, 168, 169, 170, 171, 172, 173, 174, 175, 176, 177, 178, 180, 181, 182, 183, 184, 185, 186, 187, 188, 189, 193, 194, 195, 201, 202, 203, 204, 207, 208, 209, 210, 211, 212, 213, 214, 215, 216, 217, 218, 219, 220, 221, 222, 225, 231, 232, 233, 234, 235, 240, 241, 242, 243, 244, 245, 246, 247, 248, 249, 254, 277], "excluded_lines": [], "functions": {"OpexLedger.record": {"executed_lines": [74, 75, 76, 77], "summary": {"covered_lines": 4, "num_statements": 4, "percent_covered": 100.0, "percent_covered_display": "100", "missing_lines": 0, "excluded_lines": 0, "percent_statements_covered": 100.0, "percent_statements_covered_display": "100"}, "missing_lines": [], "excluded_lines": [], "start_line": 73}, "OracleClient.__init__": {"executed_lines": [], "summary": {"covered_lines": 0, "num_statements": 4, "percent_covered": 0.0, "percent_covered_display": "0", "missing_lines": 4, "excluded_lines": 0, "percent_statements_covered": 0.0, "percent_statements_covered_display": "0"}, "missing_lines": [82, 83, 84, 85], "excluded_lines": [], "start_line": 81}, "OracleClient.platon_random": {"executed_lines": [], "summary": {"covered_lines": 0, "num_statements": 8, "percent_covered": 0.0, "percent_covered_display": "0", "missing_lines": 8, "excluded_lines": 0, "percent_statements_covered": 0.0, "percent_statements_covered_display": "0"}, "missing_lines": [90, 91, 92, 93, 95, 96, 97, 98], "excluded_lines": [], "start_line": 88}, "OracleClient.chronos_eval": {"executed_lines": [], "summary": {"covered_lines": 0, "num_statements": 8, "percent_covered": 0.0, "percent_covered_display": "0", "missing_lines": 8, "excluded_lines": 0, "percent_statements_covered": 0.0, "percent_statements_covered_display": "0"}, "missing_lines": [102, 103, 104, 105, 107, 108, 109, 110], "excluded_lines": [], "start_line": 100}, "OracleClient.platon_ask": {"executed_lines": [], "summary": {"covered_lines": 0, "num_statements": 8, "percent_covered": 0.0, "percent_covered_display": "0", "missing_lines": 8, "excluded_lines": 0, "percent_statements_covered": 0.0, "percent_statements_covered_display": "0"}, "missing_lines": [114, 115, 116, 117, 119, 120, 121, 122], "excluded_lines": [], "start_line": 112}, "OracleClient.lumen_reputation": {"executed_lines": [], "summary": {"covered_lines": 0, "num_statements": 11, "percent_covered": 0.0, "percent_covered_display": "0", "missing_lines": 11, "excluded_lines": 0, "percent_statements_covered": 0.0, "percent_statements_covered_display": "0"}, "missing_lines": [126, 127, 128, 130, 131, 132, 133, 135, 136, 137, 138], "excluded_lines": [], "start_line": 124}, "OracleClient.sortes_draw": {"executed_lines": [], "summary": {"covered_lines": 0, "num_statements": 13, "percent_covered": 0.0, "percent_covered_display": "0", "missing_lines": 13, "excluded_lines": 0, "percent_statements_covered": 0.0, "percent_statements_covered_display": "0"}, "missing_lines": [142, 143, 144, 145, 146, 147, 148, 149, 150, 152, 153, 154, 155], "excluded_lines": [], "start_line": 140}, "OracleClient._invoke": {"executed_lines": [], "summary": {"covered_lines": 0, "num_statements": 25, "percent_covered": 0.0, "percent_covered_display": "0", "missing_lines": 25, "excluded_lines": 0, "percent_statements_covered": 0.0, "percent_statements_covered_display": "0"}, "missing_lines": [159, 160, 161, 162, 168, 169, 170, 171, 172, 173, 174, 175, 176, 177, 178, 180, 181, 182, 183, 184, 185, 186, 187, 188, 189], "excluded_lines": [], "start_line": 158}, "OracleClient._invoke_strict": {"executed_lines": [], "summary": {"covered_lines": 0, "num_statements": 23, "percent_covered": 0.0, "percent_covered_display": "0", "missing_lines": 23, "excluded_lines": 0, "percent_statements_covered": 0.0, "percent_statements_covered_display": "0"}, "missing_lines": [193, 194, 195, 201, 202, 203, 204, 207, 208, 209, 210, 211, 212, 213, 214, 215, 216, 217, 218, 219, 220, 221, 222], "excluded_lines": [], "start_line": 191}, "OracleClient._demo": {"executed_lines": [], "summary": {"covered_lines": 0, "num_statements": 1, "percent_covered": 0.0, "percent_covered_display": "0", "missing_lines": 1, "excluded_lines": 0, "percent_statements_covered": 0.0, "percent_statements_covered_display": "0"}, "missing_lines": [225], "excluded_lines": [], "start_line": 224}, "OracleClient._unwrap_output": {"executed_lines": [], "summary": {"covered_lines": 0, "num_statements": 5, "percent_covered": 0.0, "percent_covered_display": "0", "missing_lines": 5, "excluded_lines": 0, "percent_statements_covered": 0.0, "percent_statements_covered_display": "0"}, "missing_lines": [231, 232, 233, 234, 235], "excluded_lines": [], "start_line": 230}, "OracleClient._to_word": {"executed_lines": [], "summary": {"covered_lines": 0, "num_statements": 10, "percent_covered": 0.0, "percent_covered_display": "0", "missing_lines": 10, "excluded_lines": 0, "percent_statements_covered": 0.0, "percent_statements_covered_display": "0"}, "missing_lines": [240, 241, 242, 243, 244, 245, 246, 247, 248, 249], "excluded_lines": [], "start_line": 238}, "OracleClient._scores_to_bonuses": {"executed_lines": [253, 255, 256, 257, 258, 264, 265, 266, 267, 268, 269], "summary": {"covered_lines": 11, "num_statements": 12, "percent_covered": 91.66666666666667, "percent_covered_display": "92", "missing_lines": 1, "excluded_lines": 0, "percent_statements_covered": 91.66666666666667, "percent_statements_covered_display": "92"}, "missing_lines": [254], "excluded_lines": [], "start_line": 252}, "OracleClient._pseudo_bonus": {"executed_lines": [273, 274], "summary": {"covered_lines": 2, "num_statements": 2, "percent_covered": 100.0, "percent_covered_display": "100", "missing_lines": 0, "excluded_lines": 0, "percent_statements_covered": 100.0, "percent_statements_covered_display": "100"}, "missing_lines": [], "excluded_lines": [], "start_line": 272}, "OracleClient.close": {"executed_lines": [], "summary": {"covered_lines": 0, "num_statements": 1, "percent_covered": 0.0, "percent_covered_display": "0", "missing_lines": 1, "excluded_lines": 0, "percent_statements_covered": 0.0, "percent_statements_covered_display": "0"}, "missing_lines": [277], "excluded_lines": [], "start_line": 276}, "": {"executed_lines": [15, 17, 18, 19, 20, 21, 23, 24, 26, 27, 29, 31, 38, 47, 51, 52, 53, 54, 55, 56, 59, 60, 67, 68, 69, 70, 71, 73, 80, 81, 88, 100, 112, 124, 140, 158, 191, 224, 229, 230, 237, 238, 251, 252, 271, 272, 276], "summary": {"covered_lines": 47, "num_statements": 47, "percent_covered": 100.0, "percent_covered_display": "100", "missing_lines": 0, "excluded_lines": 0, "percent_statements_covered": 100.0, "percent_statements_covered_display": "100"}, "missing_lines": [], "excluded_lines": [], "start_line": 1}}, "classes": {"OracleUnavailable": {"executed_lines": [], "summary": {"covered_lines": 0, "num_statements": 0, "percent_covered": 100.0, "percent_covered_display": "100", "missing_lines": 0, "excluded_lines": 0, "percent_statements_covered": 100.0, "percent_statements_covered_display": "100"}, "missing_lines": [], "excluded_lines": [], "start_line": 47}, "OracleResult": {"executed_lines": [], "summary": {"covered_lines": 0, "num_statements": 0, "percent_covered": 100.0, "percent_covered_display": "100", "missing_lines": 0, "excluded_lines": 0, "percent_statements_covered": 100.0, "percent_statements_covered_display": "100"}, "missing_lines": [], "excluded_lines": [], "start_line": 52}, "OpexLedger": {"executed_lines": [74, 75, 76, 77], "summary": {"covered_lines": 4, "num_statements": 4, "percent_covered": 100.0, "percent_covered_display": "100", "missing_lines": 0, "excluded_lines": 0, "percent_statements_covered": 100.0, "percent_statements_covered_display": "100"}, "missing_lines": [], "excluded_lines": [], "start_line": 60}, "OracleClient": {"executed_lines": [253, 255, 256, 257, 258, 264, 265, 266, 267, 268, 269, 273, 274], "summary": {"covered_lines": 13, "num_statements": 131, "percent_covered": 9.923664122137405, "percent_covered_display": "10", "missing_lines": 118, "excluded_lines": 0, "percent_statements_covered": 9.923664122137405, "percent_statements_covered_display": "10"}, "missing_lines": [82, 83, 84, 85, 90, 91, 92, 93, 95, 96, 97, 98, 102, 103, 104, 105, 107, 108, 109, 110, 114, 115, 116, 117, 119, 120, 121, 122, 126, 127, 128, 130, 131, 132, 133, 135, 136, 137, 138, 142, 143, 144, 145, 146, 147, 148, 149, 150, 152, 153, 154, 155, 159, 160, 161, 162, 168, 169, 170, 171, 172, 173, 174, 175, 176, 177, 178, 180, 181, 182, 183, 184, 185, 186, 187, 188, 189, 193, 194, 195, 201, 202, 203, 204, 207, 208, 209, 210, 211, 212, 213, 214, 215, 216, 217, 218, 219, 220, 221, 222, 225, 231, 232, 233, 234, 235, 240, 241, 242, 243, 244, 245, 246, 247, 248, 249, 254, 277], "excluded_lines": [], "start_line": 80}, "": {"executed_lines": [15, 17, 18, 19, 20, 21, 23, 24, 26, 27, 29, 31, 38, 47, 51, 52, 53, 54, 55, 56, 59, 60, 67, 68, 69, 70, 71, 73, 80, 81, 88, 100, 112, 124, 140, 158, 191, 224, 229, 230, 237, 238, 251, 252, 271, 272, 276], "summary": {"covered_lines": 47, "num_statements": 47, "percent_covered": 100.0, "percent_covered_display": "100", "missing_lines": 0, "excluded_lines": 0, "percent_statements_covered": 100.0, "percent_statements_covered_display": "100"}, "missing_lines": [], "excluded_lines": [], "start_line": 1}}}, "ailottery_relayer/roster.py": {"executed_lines": [2, 4, 6, 7, 10, 13, 14, 19, 20, 21, 22, 23, 24, 25, 28, 37, 45, 51], "summary": {"covered_lines": 18, "num_statements": 27, "percent_covered": 66.66666666666667, "percent_covered_display": "67", "missing_lines": 9, "excluded_lines": 0, "percent_statements_covered": 66.66666666666667, "percent_statements_covered_display": "67"}, "missing_lines": [30, 39, 48, 54, 55, 56, 57, 58, 60], "excluded_lines": [], "functions": {"mesh_roster": {"executed_lines": [], "summary": {"covered_lines": 0, "num_statements": 1, "percent_covered": 0.0, "percent_covered_display": "0", "missing_lines": 1, "excluded_lines": 0, "percent_statements_covered": 0.0, "percent_statements_covered_display": "0"}, "missing_lines": [30], "excluded_lines": [], "start_line": 28}, "synthetic_roster": {"executed_lines": [], "summary": {"covered_lines": 0, "num_statements": 1, "percent_covered": 0.0, "percent_covered_display": "0", "missing_lines": 1, "excluded_lines": 0, "percent_statements_covered": 0.0, "percent_statements_covered_display": "0"}, "missing_lines": [39], "excluded_lines": [], "start_line": 37}, "derive_agent_key": {"executed_lines": [], "summary": {"covered_lines": 0, "num_statements": 1, "percent_covered": 0.0, "percent_covered_display": "0", "missing_lines": 1, "excluded_lines": 0, "percent_statements_covered": 0.0, "percent_statements_covered_display": "0"}, "missing_lines": [48], "excluded_lines": [], "start_line": 45}, "uni_wallet_roster": {"executed_lines": [], "summary": {"covered_lines": 0, "num_statements": 6, "percent_covered": 0.0, "percent_covered_display": "0", "missing_lines": 6, "excluded_lines": 0, "percent_statements_covered": 0.0, "percent_statements_covered_display": "0"}, "missing_lines": [54, 55, 56, 57, 58, 60], "excluded_lines": [], "start_line": 51}, "": {"executed_lines": [2, 4, 6, 7, 10, 13, 14, 19, 20, 21, 22, 23, 24, 25, 28, 37, 45, 51], "summary": {"covered_lines": 18, "num_statements": 18, "percent_covered": 100.0, "percent_covered_display": "100", "missing_lines": 0, "excluded_lines": 0, "percent_statements_covered": 100.0, "percent_statements_covered_display": "100"}, "missing_lines": [], "excluded_lines": [], "start_line": 1}}, "classes": {"Participant": {"executed_lines": [], "summary": {"covered_lines": 0, "num_statements": 0, "percent_covered": 100.0, "percent_covered_display": "100", "missing_lines": 0, "excluded_lines": 0, "percent_statements_covered": 100.0, "percent_statements_covered_display": "100"}, "missing_lines": [], "excluded_lines": [], "start_line": 14}, "": {"executed_lines": [2, 4, 6, 7, 10, 13, 14, 19, 20, 21, 22, 23, 24, 25, 28, 37, 45, 51], "summary": {"covered_lines": 18, "num_statements": 27, "percent_covered": 66.66666666666667, "percent_covered_display": "67", "missing_lines": 9, "excluded_lines": 0, "percent_statements_covered": 66.66666666666667, "percent_statements_covered_display": "67"}, "missing_lines": [30, 39, 48, 54, 55, 56, 57, 58, 60], "excluded_lines": [], "start_line": 1}}}, "ailottery_relayer/server.py": {"executed_lines": [11, 13, 15, 16, 17, 18, 22, 25, 26, 27, 30, 31, 36, 37, 44, 45, 48, 49, 52, 53, 57, 58, 59, 60, 64, 65, 66, 67, 68, 76], "summary": {"covered_lines": 30, "num_statements": 34, "percent_covered": 88.23529411764706, "percent_covered_display": "88", "missing_lines": 4, "excluded_lines": 0, "percent_statements_covered": 88.23529411764706, "percent_statements_covered_display": "88"}, "missing_lines": [46, 50, 54, 55], "excluded_lines": [], "functions": {"make_app": {"executed_lines": [31, 36, 37, 44, 45, 48, 49, 52, 53, 57, 58, 76], "summary": {"covered_lines": 12, "num_statements": 12, "percent_covered": 100.0, "percent_covered_display": "100", "missing_lines": 0, "excluded_lines": 0, "percent_statements_covered": 100.0, "percent_statements_covered_display": "100"}, "missing_lines": [], "excluded_lines": [], "start_line": 30}, "make_app.healthz": {"executed_lines": [], "summary": {"covered_lines": 0, "num_statements": 1, "percent_covered": 0.0, "percent_covered_display": "0", "missing_lines": 1, "excluded_lines": 0, "percent_statements_covered": 0.0, "percent_statements_covered_display": "0"}, "missing_lines": [46], "excluded_lines": [], "start_line": 45}, "make_app.economy": {"executed_lines": [], "summary": {"covered_lines": 0, "num_statements": 1, "percent_covered": 0.0, "percent_covered_display": "0", "missing_lines": 1, "excluded_lines": 0, "percent_statements_covered": 0.0, "percent_statements_covered_display": "0"}, "missing_lines": [50], "excluded_lines": [], "start_line": 49}, "make_app.round_info": {"executed_lines": [], "summary": {"covered_lines": 0, "num_statements": 2, "percent_covered": 0.0, "percent_covered_display": "0", "missing_lines": 2, "excluded_lines": 0, "percent_statements_covered": 0.0, "percent_statements_covered_display": "0"}, "missing_lines": [54, 55], "excluded_lines": [], "start_line": 53}, "make_app.voucher": {"executed_lines": [59, 60, 64, 65, 66, 67, 68], "summary": {"covered_lines": 7, "num_statements": 7, "percent_covered": 100.0, "percent_covered_display": "100", "missing_lines": 0, "excluded_lines": 0, "percent_statements_covered": 100.0, "percent_statements_covered_display": "100"}, "missing_lines": [], "excluded_lines": [], "start_line": 58}, "": {"executed_lines": [11, 13, 15, 16, 17, 18, 22, 25, 26, 27, 30], "summary": {"covered_lines": 11, "num_statements": 11, "percent_covered": 100.0, "percent_covered_display": "100", "missing_lines": 0, "excluded_lines": 0, "percent_statements_covered": 100.0, "percent_statements_covered_display": "100"}, "missing_lines": [], "excluded_lines": [], "start_line": 1}}, "classes": {"VoucherRequest": {"executed_lines": [], "summary": {"covered_lines": 0, "num_statements": 0, "percent_covered": 100.0, "percent_covered_display": "100", "missing_lines": 0, "excluded_lines": 0, "percent_statements_covered": 100.0, "percent_statements_covered_display": "100"}, "missing_lines": [], "excluded_lines": [], "start_line": 25}, "": {"executed_lines": [11, 13, 15, 16, 17, 18, 22, 25, 26, 27, 30, 31, 36, 37, 44, 45, 48, 49, 52, 53, 57, 58, 59, 60, 64, 65, 66, 67, 68, 76], "summary": {"covered_lines": 30, "num_statements": 34, "percent_covered": 88.23529411764706, "percent_covered_display": "88", "missing_lines": 4, "excluded_lines": 0, "percent_statements_covered": 88.23529411764706, "percent_statements_covered_display": "88"}, "missing_lines": [46, 50, 54, 55], "excluded_lines": [], "start_line": 1}}}, "ailottery_relayer/sponsor.py": {"executed_lines": [16, 18, 19, 21, 23, 24, 26, 27, 30, 31, 32, 33, 34, 37, 38, 39, 40, 42, 43, 45, 47, 49, 52, 53, 58, 59, 60, 63, 64, 66, 67, 68, 69, 71, 74, 75, 77, 83, 84, 85, 86, 88, 90, 92], "summary": {"covered_lines": 44, "num_statements": 49, "percent_covered": 89.79591836734694, "percent_covered_display": "90", "missing_lines": 5, "excluded_lines": 0, "percent_statements_covered": 89.79591836734694, "percent_statements_covered_display": "90"}, "missing_lines": [46, 54, 55, 56, 80], "excluded_lines": [], "functions": {"SponsorPolicy.__init__": {"executed_lines": [39, 40], "summary": {"covered_lines": 2, "num_statements": 2, "percent_covered": 100.0, "percent_covered_display": "100", "missing_lines": 0, "excluded_lines": 0, "percent_statements_covered": 100.0, "percent_statements_covered_display": "100"}, "missing_lines": [], "excluded_lines": [], "start_line": 38}, "SponsorPolicy.enabled": {"executed_lines": [45, 47], "summary": {"covered_lines": 2, "num_statements": 3, "percent_covered": 66.66666666666667, "percent_covered_display": "67", "missing_lines": 1, "excluded_lines": 0, "percent_statements_covered": 66.66666666666667, "percent_statements_covered_display": "67"}, "missing_lines": [46], "excluded_lines": [], "start_line": 43}, "SponsorPolicy.tithe_bps": {"executed_lines": [52, 53], "summary": {"covered_lines": 2, "num_statements": 5, "percent_covered": 40.0, "percent_covered_display": "40", "missing_lines": 3, "excluded_lines": 0, "percent_statements_covered": 40.0, "percent_statements_covered_display": "40"}, "missing_lines": [54, 55, 56], "excluded_lines": [], "start_line": 49}, "SponsorPolicy.resolve_bound": {"executed_lines": [59, 60, 63, 64, 66, 67, 68, 69, 71, 74, 75, 77, 83, 84, 85, 86, 88], "summary": {"covered_lines": 17, "num_statements": 18, "percent_covered": 94.44444444444444, "percent_covered_display": "94", "missing_lines": 1, "excluded_lines": 0, "percent_statements_covered": 94.44444444444444, "percent_statements_covered_display": "94"}, "missing_lines": [80], "excluded_lines": [], "start_line": 58}, "SponsorPolicy.tithe_usd": {"executed_lines": [92], "summary": {"covered_lines": 1, "num_statements": 1, "percent_covered": 100.0, "percent_covered_display": "100", "missing_lines": 0, "excluded_lines": 0, "percent_statements_covered": 100.0, "percent_statements_covered_display": "100"}, "missing_lines": [], "excluded_lines": [], "start_line": 90}, "": {"executed_lines": [16, 18, 19, 21, 23, 24, 26, 27, 30, 31, 32, 33, 34, 37, 38, 42, 43, 49, 58, 90], "summary": {"covered_lines": 20, "num_statements": 20, "percent_covered": 100.0, "percent_covered_display": "100", "missing_lines": 0, "excluded_lines": 0, "percent_statements_covered": 100.0, "percent_statements_covered_display": "100"}, "missing_lines": [], "excluded_lines": [], "start_line": 1}}, "classes": {"Binding": {"executed_lines": [], "summary": {"covered_lines": 0, "num_statements": 0, "percent_covered": 100.0, "percent_covered_display": "100", "missing_lines": 0, "excluded_lines": 0, "percent_statements_covered": 100.0, "percent_statements_covered_display": "100"}, "missing_lines": [], "excluded_lines": [], "start_line": 31}, "SponsorPolicy": {"executed_lines": [39, 40, 45, 47, 52, 53, 59, 60, 63, 64, 66, 67, 68, 69, 71, 74, 75, 77, 83, 84, 85, 86, 88, 92], "summary": {"covered_lines": 24, "num_statements": 29, "percent_covered": 82.75862068965517, "percent_covered_display": "83", "missing_lines": 5, "excluded_lines": 0, "percent_statements_covered": 82.75862068965517, "percent_statements_covered_display": "83"}, "missing_lines": [46, 54, 55, 56, 80], "excluded_lines": [], "start_line": 37}, "": {"executed_lines": [16, 18, 19, 21, 23, 24, 26, 27, 30, 31, 32, 33, 34, 37, 38, 42, 43, 49, 58, 90], "summary": {"covered_lines": 20, "num_statements": 20, "percent_covered": 100.0, "percent_covered_display": "100", "missing_lines": 0, "excluded_lines": 0, "percent_statements_covered": 100.0, "percent_statements_covered_display": "100"}, "missing_lines": [], "excluded_lines": [], "start_line": 1}}}, "ailottery_relayer/treasurer.py": {"executed_lines": [29, 31, 32, 34, 36, 39, 40, 43, 44, 45, 46, 47, 48, 50, 54, 55, 66, 77, 118], "summary": {"covered_lines": 19, "num_statements": 78, "percent_covered": 24.358974358974358, "percent_covered_display": "24", "missing_lines": 59, "excluded_lines": 0, "percent_statements_covered": 24.358974358974358, "percent_statements_covered_display": "24"}, "missing_lines": [51, 56, 57, 58, 59, 60, 61, 62, 63, 69, 70, 71, 72, 73, 74, 78, 80, 83, 85, 86, 87, 90, 91, 92, 93, 94, 95, 98, 99, 100, 101, 102, 103, 104, 105, 106, 107, 109, 110, 111, 115, 122, 123, 124, 125, 129, 130, 131, 132, 133, 134, 136, 137, 138, 139, 140, 143, 144, 145], "excluded_lines": [], "functions": {"OpexPlan.nonzero": {"executed_lines": [], "summary": {"covered_lines": 0, "num_statements": 1, "percent_covered": 0.0, "percent_covered_display": "0", "missing_lines": 1, "excluded_lines": 0, "percent_statements_covered": 0.0, "percent_statements_covered_display": "0"}, "missing_lines": [51], "excluded_lines": [], "start_line": 50}, "Treasurer.__init__": {"executed_lines": [], "summary": {"covered_lines": 0, "num_statements": 8, "percent_covered": 0.0, "percent_covered_display": "0", "missing_lines": 8, "excluded_lines": 0, "percent_statements_covered": 0.0, "percent_statements_covered_display": "0"}, "missing_lines": [56, 57, 58, 59, 60, 61, 62, 63], "excluded_lines": [], "start_line": 55}, "Treasurer.plan": {"executed_lines": [], "summary": {"covered_lines": 0, "num_statements": 6, "percent_covered": 0.0, "percent_covered_display": "0", "missing_lines": 6, "excluded_lines": 0, "percent_statements_covered": 0.0, "percent_statements_covered_display": "0"}, "missing_lines": [69, 70, 71, 72, 73, 74], "excluded_lines": [], "start_line": 66}, "Treasurer._policy_plan": {"executed_lines": [], "summary": {"covered_lines": 0, "num_statements": 26, "percent_covered": 0.0, "percent_covered_display": "0", "missing_lines": 26, "excluded_lines": 0, "percent_statements_covered": 0.0, "percent_statements_covered_display": "0"}, "missing_lines": [78, 80, 83, 85, 86, 87, 90, 91, 92, 93, 94, 95, 98, 99, 100, 101, 102, 103, 104, 105, 106, 107, 109, 110, 111, 115], "excluded_lines": [], "start_line": 77}, "Treasurer._llm_plan": {"executed_lines": [], "summary": {"covered_lines": 0, "num_statements": 18, "percent_covered": 0.0, "percent_covered_display": "0", "missing_lines": 18, "excluded_lines": 0, "percent_statements_covered": 0.0, "percent_statements_covered_display": "0"}, "missing_lines": [122, 123, 124, 125, 129, 130, 131, 132, 133, 134, 136, 137, 138, 139, 140, 143, 144, 145], "excluded_lines": [], "start_line": 118}, "": {"executed_lines": [29, 31, 32, 34, 36, 39, 40, 43, 44, 45, 46, 47, 48, 50, 54, 55, 66, 77, 118], "summary": {"covered_lines": 19, "num_statements": 19, "percent_covered": 100.0, "percent_covered_display": "100", "missing_lines": 0, "excluded_lines": 0, "percent_statements_covered": 100.0, "percent_statements_covered_display": "100"}, "missing_lines": [], "excluded_lines": [], "start_line": 1}}, "classes": {"OpexPlan": {"executed_lines": [], "summary": {"covered_lines": 0, "num_statements": 1, "percent_covered": 0.0, "percent_covered_display": "0", "missing_lines": 1, "excluded_lines": 0, "percent_statements_covered": 0.0, "percent_statements_covered_display": "0"}, "missing_lines": [51], "excluded_lines": [], "start_line": 44}, "Treasurer": {"executed_lines": [], "summary": {"covered_lines": 0, "num_statements": 58, "percent_covered": 0.0, "percent_covered_display": "0", "missing_lines": 58, "excluded_lines": 0, "percent_statements_covered": 0.0, "percent_statements_covered_display": "0"}, "missing_lines": [56, 57, 58, 59, 60, 61, 62, 63, 69, 70, 71, 72, 73, 74, 78, 80, 83, 85, 86, 87, 90, 91, 92, 93, 94, 95, 98, 99, 100, 101, 102, 103, 104, 105, 106, 107, 109, 110, 111, 115, 122, 123, 124, 125, 129, 130, 131, 132, 133, 134, 136, 137, 138, 139, 140, 143, 144, 145], "excluded_lines": [], "start_line": 54}, "": {"executed_lines": [29, 31, 32, 34, 36, 39, 40, 43, 44, 45, 46, 47, 48, 50, 54, 55, 66, 77, 118], "summary": {"covered_lines": 19, "num_statements": 19, "percent_covered": 100.0, "percent_covered_display": "100", "missing_lines": 0, "excluded_lines": 0, "percent_statements_covered": 100.0, "percent_statements_covered_display": "100"}, "missing_lines": [], "excluded_lines": [], "start_line": 1}}}, "ailottery_relayer/vdf.py": {"executed_lines": [18, 20, 22, 23, 25, 28, 29, 30, 31, 32, 33, 34, 35, 36, 38, 42, 49, 53, 55, 60, 62, 65, 68, 80], "summary": {"covered_lines": 24, "num_statements": 46, "percent_covered": 52.17391304347826, "percent_covered_display": "52", "missing_lines": 22, "excluded_lines": 0, "percent_statements_covered": 52.17391304347826, "percent_statements_covered_display": "52"}, "missing_lines": [40, 43, 44, 50, 71, 72, 73, 74, 75, 76, 77, 89, 90, 91, 92, 93, 96, 97, 98, 99, 101, 102], "excluded_lines": [], "functions": {"VdfProof.as_tuple": {"executed_lines": [], "summary": {"covered_lines": 0, "num_statements": 1, "percent_covered": 0.0, "percent_covered_display": "0", "missing_lines": 1, "excluded_lines": 0, "percent_statements_covered": 0.0, "percent_statements_covered_display": "0"}, "missing_lines": [40], "excluded_lines": [], "start_line": 38}, "VdfProof.proof_hash": {"executed_lines": [], "summary": {"covered_lines": 0, "num_statements": 2, "percent_covered": 0.0, "percent_covered_display": "0", "missing_lines": 2, "excluded_lines": 0, "percent_statements_covered": 0.0, "percent_statements_covered_display": "0"}, "missing_lines": [43, 44], "excluded_lines": [], "start_line": 42}, "empty_proof": {"executed_lines": [], "summary": {"covered_lines": 0, "num_statements": 1, "percent_covered": 0.0, "percent_covered_display": "0", "missing_lines": 1, "excluded_lines": 0, "percent_statements_covered": 0.0, "percent_statements_covered_display": "0"}, "missing_lines": [50], "excluded_lines": [], "start_line": 49}, "base_seed": {"executed_lines": [55], "summary": {"covered_lines": 1, "num_statements": 1, "percent_covered": 100.0, "percent_covered_display": "100", "missing_lines": 0, "excluded_lines": 0, "percent_statements_covered": 100.0, "percent_statements_covered_display": "100"}, "missing_lines": [], "excluded_lines": [], "start_line": 53}, "seed_string": {"executed_lines": [62], "summary": {"covered_lines": 1, "num_statements": 1, "percent_covered": 100.0, "percent_covered_display": "100", "missing_lines": 0, "excluded_lines": 0, "percent_statements_covered": 100.0, "percent_statements_covered_display": "100"}, "missing_lines": [], "excluded_lines": [], "start_line": 60}, "_bigint_to_bytes": {"executed_lines": [], "summary": {"covered_lines": 0, "num_statements": 7, "percent_covered": 0.0, "percent_covered_display": "0", "missing_lines": 7, "excluded_lines": 0, "percent_statements_covered": 0.0, "percent_statements_covered_display": "0"}, "missing_lines": [71, 72, 73, 74, 75, 76, 77], "excluded_lines": [], "start_line": 68}, "proof_from_chronos": {"executed_lines": [], "summary": {"covered_lines": 0, "num_statements": 11, "percent_covered": 0.0, "percent_covered_display": "0", "missing_lines": 11, "excluded_lines": 0, "percent_statements_covered": 0.0, "percent_statements_covered_display": "0"}, "missing_lines": [89, 90, 91, 92, 93, 96, 97, 98, 99, 101, 102], "excluded_lines": [], "start_line": 80}, "": {"executed_lines": [18, 20, 22, 23, 25, 28, 29, 30, 31, 32, 33, 34, 35, 36, 38, 42, 49, 53, 60, 65, 68, 80], "summary": {"covered_lines": 22, "num_statements": 22, "percent_covered": 100.0, "percent_covered_display": "100", "missing_lines": 0, "excluded_lines": 0, "percent_statements_covered": 100.0, "percent_statements_covered_display": "100"}, "missing_lines": [], "excluded_lines": [], "start_line": 1}}, "classes": {"VdfProof": {"executed_lines": [], "summary": {"covered_lines": 0, "num_statements": 3, "percent_covered": 0.0, "percent_covered_display": "0", "missing_lines": 3, "excluded_lines": 0, "percent_statements_covered": 0.0, "percent_statements_covered_display": "0"}, "missing_lines": [40, 43, 44], "excluded_lines": [], "start_line": 29}, "": {"executed_lines": [18, 20, 22, 23, 25, 28, 29, 30, 31, 32, 33, 34, 35, 36, 38, 42, 49, 53, 55, 60, 62, 65, 68, 80], "summary": {"covered_lines": 24, "num_statements": 43, "percent_covered": 55.81395348837209, "percent_covered_display": "56", "missing_lines": 19, "excluded_lines": 0, "percent_statements_covered": 55.81395348837209, "percent_statements_covered_display": "56"}, "missing_lines": [50, 71, 72, 73, 74, 75, 76, 77, 89, 90, 91, 92, 93, 96, 97, 98, 99, 101, 102], "excluded_lines": [], "start_line": 1}}}}, "totals": {"covered_lines": 784, "num_statements": 1453, "percent_covered": 53.95732966276669, "percent_covered_display": "54", "missing_lines": 669, "excluded_lines": 4, "percent_statements_covered": 53.95732966276669, "percent_statements_covered_display": "54"}}